... building the model
... getting the finetuning functions
... finetuning the model
epoch 1, minibatch 15820/15820, validation RMSE of0.548522
epoch 1, minibatch 15820/15820, test RMSE of best model 0.536954
epoch 2, minibatch 15820/15820, validation RMSE of0.536382
epoch 2, minibatch 15820/15820, test RMSE of best model 0.523571
epoch 3, minibatch 15820/15820, validation RMSE of0.527152
epoch 3, minibatch 15820/15820, test RMSE of best model 0.513454
epoch 4, minibatch 15820/15820, validation RMSE of0.519238
epoch 4, minibatch 15820/15820, test RMSE of best model 0.504887
epoch 5, minibatch 15820/15820, validation RMSE of0.511544
epoch 5, minibatch 15820/15820, test RMSE of best model 0.496718
epoch 6, minibatch 15820/15820, validation RMSE of0.503672
epoch 6, minibatch 15820/15820, test RMSE of best model 0.488552
epoch 7, minibatch 15820/15820, validation RMSE of0.495859
epoch 7, minibatch 15820/15820, test RMSE of best model 0.480491
epoch 8, minibatch 15820/15820, validation RMSE of0.488692
epoch 8, minibatch 15820/15820, test RMSE of best model 0.473163
epoch 9, minibatch 15820/15820, validation RMSE of0.482373
epoch 9, minibatch 15820/15820, test RMSE of best model 0.466787
epoch 10, minibatch 15820/15820, validation RMSE of0.476934
epoch 10, minibatch 15820/15820, test RMSE of best model 0.461329
epoch 11, minibatch 15820/15820, validation RMSE of0.472280
epoch 11, minibatch 15820/15820, test RMSE of best model 0.456661
epoch 12, minibatch 15820/15820, validation RMSE of0.468310
epoch 12, minibatch 15820/15820, test RMSE of best model 0.452676
epoch 13, minibatch 15820/15820, validation RMSE of0.464920
epoch 13, minibatch 15820/15820, test RMSE of best model 0.449267
epoch 14, minibatch 15820/15820, validation RMSE of0.462010
epoch 14, minibatch 15820/15820, test RMSE of best model 0.446348
epoch 15, minibatch 15820/15820, validation RMSE of0.459505
epoch 15, minibatch 15820/15820, test RMSE of best model 0.443838
epoch 16, minibatch 15820/15820, validation RMSE of0.457345
epoch 16, minibatch 15820/15820, test RMSE of best model 0.441675
epoch 17, minibatch 15820/15820, validation RMSE of0.455472
epoch 17, minibatch 15820/15820, test RMSE of best model 0.439801
epoch 18, minibatch 15820/15820, validation RMSE of0.453843
epoch 18, minibatch 15820/15820, test RMSE of best model 0.438164
epoch 19, minibatch 15820/15820, validation RMSE of0.452413
epoch 19, minibatch 15820/15820, test RMSE of best model 0.436724
epoch 20, minibatch 15820/15820, validation RMSE of0.451153
epoch 20, minibatch 15820/15820, test RMSE of best model 0.435454
epoch 21, minibatch 15820/15820, validation RMSE of0.450036
epoch 21, minibatch 15820/15820, test RMSE of best model 0.434331
epoch 22, minibatch 15820/15820, validation RMSE of0.449040
epoch 22, minibatch 15820/15820, test RMSE of best model 0.433330
epoch 23, minibatch 15820/15820, validation RMSE of0.448144
epoch 23, minibatch 15820/15820, test RMSE of best model 0.432432
epoch 24, minibatch 15820/15820, validation RMSE of0.447337
epoch 24, minibatch 15820/15820, test RMSE of best model 0.431621
epoch 25, minibatch 15820/15820, validation RMSE of0.446606
epoch 25, minibatch 15820/15820, test RMSE of best model 0.430888
epoch 26, minibatch 15820/15820, validation RMSE of0.445941
epoch 26, minibatch 15820/15820, test RMSE of best model 0.430221
epoch 27, minibatch 15820/15820, validation RMSE of0.445333
epoch 27, minibatch 15820/15820, test RMSE of best model 0.429611
epoch 28, minibatch 15820/15820, validation RMSE of0.444773
epoch 28, minibatch 15820/15820, test RMSE of best model 0.429050
epoch 29, minibatch 15820/15820, validation RMSE of0.444256
epoch 29, minibatch 15820/15820, test RMSE of best model 0.428532
epoch 30, minibatch 15820/15820, validation RMSE of0.443777
epoch 30, minibatch 15820/15820, test RMSE of best model 0.428052
epoch 31, minibatch 15820/15820, validation RMSE of0.443331
epoch 31, minibatch 15820/15820, test RMSE of best model 0.427605
epoch 32, minibatch 15820/15820, validation RMSE of0.442915
epoch 32, minibatch 15820/15820, test RMSE of best model 0.427188
epoch 33, minibatch 15820/15820, validation RMSE of0.442525
epoch 33, minibatch 15820/15820, test RMSE of best model 0.426797
epoch 34, minibatch 15820/15820, validation RMSE of0.442159
epoch 34, minibatch 15820/15820, test RMSE of best model 0.426430
epoch 35, minibatch 15820/15820, validation RMSE of0.441814
epoch 35, minibatch 15820/15820, test RMSE of best model 0.426084
epoch 36, minibatch 15820/15820, validation RMSE of0.441488
epoch 36, minibatch 15820/15820, test RMSE of best model 0.425758
epoch 37, minibatch 15820/15820, validation RMSE of0.441180
epoch 37, minibatch 15820/15820, test RMSE of best model 0.425449
epoch 38, minibatch 15820/15820, validation RMSE of0.440887
epoch 38, minibatch 15820/15820, test RMSE of best model 0.425157
epoch 39, minibatch 15820/15820, validation RMSE of0.440609
epoch 39, minibatch 15820/15820, test RMSE of best model 0.424879
epoch 40, minibatch 15820/15820, validation RMSE of0.440344
epoch 40, minibatch 15820/15820, test RMSE of best model 0.424614
epoch 41, minibatch 15820/15820, validation RMSE of0.440092
epoch 41, minibatch 15820/15820, test RMSE of best model 0.424361
epoch 42, minibatch 15820/15820, validation RMSE of0.439850
epoch 42, minibatch 15820/15820, test RMSE of best model 0.424119
epoch 43, minibatch 15820/15820, validation RMSE of0.439618
epoch 43, minibatch 15820/15820, test RMSE of best model 0.423887
epoch 44, minibatch 15820/15820, validation RMSE of0.439396
epoch 44, minibatch 15820/15820, test RMSE of best model 0.423665
epoch 45, minibatch 15820/15820, validation RMSE of0.439182
epoch 45, minibatch 15820/15820, test RMSE of best model 0.423451
epoch 46, minibatch 15820/15820, validation RMSE of0.438976
epoch 46, minibatch 15820/15820, test RMSE of best model 0.423245
epoch 47, minibatch 15820/15820, validation RMSE of0.438778
epoch 47, minibatch 15820/15820, test RMSE of best model 0.423047
epoch 48, minibatch 15820/15820, validation RMSE of0.438586
epoch 48, minibatch 15820/15820, test RMSE of best model 0.422855
epoch 49, minibatch 15820/15820, validation RMSE of0.438400
epoch 49, minibatch 15820/15820, test RMSE of best model 0.422670
epoch 50, minibatch 15820/15820, validation RMSE of0.438220
epoch 50, minibatch 15820/15820, test RMSE of best model 0.422490
epoch 51, minibatch 15820/15820, validation RMSE of0.438046
epoch 51, minibatch 15820/15820, test RMSE of best model 0.422316
epoch 52, minibatch 15820/15820, validation RMSE of0.437876
epoch 52, minibatch 15820/15820, test RMSE of best model 0.422147
epoch 53, minibatch 15820/15820, validation RMSE of0.437711
epoch 53, minibatch 15820/15820, test RMSE of best model 0.421983
epoch 54, minibatch 15820/15820, validation RMSE of0.437550
epoch 54, minibatch 15820/15820, test RMSE of best model 0.421823
epoch 55, minibatch 15820/15820, validation RMSE of0.437393
epoch 55, minibatch 15820/15820, test RMSE of best model 0.421667
epoch 56, minibatch 15820/15820, validation RMSE of0.437240
epoch 56, minibatch 15820/15820, test RMSE of best model 0.421514
epoch 57, minibatch 15820/15820, validation RMSE of0.437090
epoch 57, minibatch 15820/15820, test RMSE of best model 0.421365
epoch 58, minibatch 15820/15820, validation RMSE of0.436942
epoch 58, minibatch 15820/15820, test RMSE of best model 0.421219
epoch 59, minibatch 15820/15820, validation RMSE of0.436798
epoch 59, minibatch 15820/15820, test RMSE of best model 0.421076
epoch 60, minibatch 15820/15820, validation RMSE of0.436656
epoch 60, minibatch 15820/15820, test RMSE of best model 0.420935
epoch 61, minibatch 15820/15820, validation RMSE of0.436515
epoch 61, minibatch 15820/15820, test RMSE of best model 0.420796
epoch 62, minibatch 15820/15820, validation RMSE of0.436377
epoch 62, minibatch 15820/15820, test RMSE of best model 0.420659
epoch 63, minibatch 15820/15820, validation RMSE of0.436239
epoch 63, minibatch 15820/15820, test RMSE of best model 0.420523
epoch 64, minibatch 15820/15820, validation RMSE of0.436103
epoch 64, minibatch 15820/15820, test RMSE of best model 0.420389
epoch 65, minibatch 15820/15820, validation RMSE of0.435968
epoch 65, minibatch 15820/15820, test RMSE of best model 0.420256
epoch 66, minibatch 15820/15820, validation RMSE of0.435833
epoch 66, minibatch 15820/15820, test RMSE of best model 0.420123
epoch 67, minibatch 15820/15820, validation RMSE of0.435697
epoch 67, minibatch 15820/15820, test RMSE of best model 0.419990
epoch 68, minibatch 15820/15820, validation RMSE of0.435561
epoch 68, minibatch 15820/15820, test RMSE of best model 0.419856
epoch 69, minibatch 15820/15820, validation RMSE of0.435423
epoch 69, minibatch 15820/15820, test RMSE of best model 0.419722
epoch 70, minibatch 15820/15820, validation RMSE of0.435284
epoch 70, minibatch 15820/15820, test RMSE of best model 0.419585
epoch 71, minibatch 15820/15820, validation RMSE of0.435142
epoch 71, minibatch 15820/15820, test RMSE of best model 0.419447
epoch 72, minibatch 15820/15820, validation RMSE of0.434997
epoch 72, minibatch 15820/15820, test RMSE of best model 0.419305
epoch 73, minibatch 15820/15820, validation RMSE of0.434847
epoch 73, minibatch 15820/15820, test RMSE of best model 0.419159
epoch 74, minibatch 15820/15820, validation RMSE of0.434692
epoch 74, minibatch 15820/15820, test RMSE of best model 0.419009
epoch 75, minibatch 15820/15820, validation RMSE of0.434530
epoch 75, minibatch 15820/15820, test RMSE of best model 0.418852
epoch 76, minibatch 15820/15820, validation RMSE of0.434361
epoch 76, minibatch 15820/15820, test RMSE of best model 0.418688
epoch 77, minibatch 15820/15820, validation RMSE of0.434183
epoch 77, minibatch 15820/15820, test RMSE of best model 0.418517
epoch 78, minibatch 15820/15820, validation RMSE of0.433996
epoch 78, minibatch 15820/15820, test RMSE of best model 0.418336
epoch 79, minibatch 15820/15820, validation RMSE of0.433800
epoch 79, minibatch 15820/15820, test RMSE of best model 0.418147
epoch 80, minibatch 15820/15820, validation RMSE of0.433596
epoch 80, minibatch 15820/15820, test RMSE of best model 0.417951
epoch 81, minibatch 15820/15820, validation RMSE of0.433387
epoch 81, minibatch 15820/15820, test RMSE of best model 0.417750
epoch 82, minibatch 15820/15820, validation RMSE of0.433176
epoch 82, minibatch 15820/15820, test RMSE of best model 0.417547
epoch 83, minibatch 15820/15820, validation RMSE of0.432967
epoch 83, minibatch 15820/15820, test RMSE of best model 0.417346
epoch 84, minibatch 15820/15820, validation RMSE of0.432766
epoch 84, minibatch 15820/15820, test RMSE of best model 0.417153
epoch 85, minibatch 15820/15820, validation RMSE of0.432576
epoch 85, minibatch 15820/15820, test RMSE of best model 0.416970
epoch 86, minibatch 15820/15820, validation RMSE of0.432399
epoch 86, minibatch 15820/15820, test RMSE of best model 0.416799
epoch 87, minibatch 15820/15820, validation RMSE of0.432234
epoch 87, minibatch 15820/15820, test RMSE of best model 0.416639
epoch 88, minibatch 15820/15820, validation RMSE of0.432081
epoch 88, minibatch 15820/15820, test RMSE of best model 0.416491
epoch 89, minibatch 15820/15820, validation RMSE of0.431938
epoch 89, minibatch 15820/15820, test RMSE of best model 0.416352
epoch 90, minibatch 15820/15820, validation RMSE of0.431803
epoch 90, minibatch 15820/15820, test RMSE of best model 0.416221
epoch 91, minibatch 15820/15820, validation RMSE of0.431675
epoch 91, minibatch 15820/15820, test RMSE of best model 0.416097
epoch 92, minibatch 15820/15820, validation RMSE of0.431553
epoch 92, minibatch 15820/15820, test RMSE of best model 0.415978
epoch 93, minibatch 15820/15820, validation RMSE of0.431435
epoch 93, minibatch 15820/15820, test RMSE of best model 0.415864
epoch 94, minibatch 15820/15820, validation RMSE of0.431321
epoch 94, minibatch 15820/15820, test RMSE of best model 0.415753
epoch 95, minibatch 15820/15820, validation RMSE of0.431211
epoch 95, minibatch 15820/15820, test RMSE of best model 0.415646
epoch 96, minibatch 15820/15820, validation RMSE of0.431103
epoch 96, minibatch 15820/15820, test RMSE of best model 0.415542
epoch 97, minibatch 15820/15820, validation RMSE of0.430998
epoch 97, minibatch 15820/15820, test RMSE of best model 0.415440
epoch 98, minibatch 15820/15820, validation RMSE of0.430895
epoch 98, minibatch 15820/15820, test RMSE of best model 0.415340
epoch 99, minibatch 15820/15820, validation RMSE of0.430794
epoch 99, minibatch 15820/15820, test RMSE of best model 0.415243
... building the model
... getting the finetuning functions
... finetuning the model
epoch 1, minibatch 15820/15820, validation RMSE of0.433387
epoch 1, minibatch 15820/15820, test RMSE of best model 0.417750
epoch 2, minibatch 15820/15820, validation RMSE of0.433176
epoch 2, minibatch 15820/15820, test RMSE of best model 0.417547
epoch 3, minibatch 15820/15820, validation RMSE of0.432967
epoch 3, minibatch 15820/15820, test RMSE of best model 0.417346
epoch 4, minibatch 15820/15820, validation RMSE of0.432766
epoch 4, minibatch 15820/15820, test RMSE of best model 0.417153
epoch 5, minibatch 15820/15820, validation RMSE of0.432576
epoch 5, minibatch 15820/15820, test RMSE of best model 0.416970
epoch 6, minibatch 15820/15820, validation RMSE of0.432399
epoch 6, minibatch 15820/15820, test RMSE of best model 0.416799
epoch 7, minibatch 15820/15820, validation RMSE of0.432234
epoch 7, minibatch 15820/15820, test RMSE of best model 0.416639
epoch 8, minibatch 15820/15820, validation RMSE of0.432081
epoch 8, minibatch 15820/15820, test RMSE of best model 0.416491
epoch 9, minibatch 15820/15820, validation RMSE of0.431938
epoch 9, minibatch 15820/15820, test RMSE of best model 0.416352
epoch 10, minibatch 15820/15820, validation RMSE of0.431803
epoch 10, minibatch 15820/15820, test RMSE of best model 0.416221
epoch 11, minibatch 15820/15820, validation RMSE of0.431675
epoch 11, minibatch 15820/15820, test RMSE of best model 0.416097
epoch 12, minibatch 15820/15820, validation RMSE of0.431553
epoch 12, minibatch 15820/15820, test RMSE of best model 0.415978
epoch 13, minibatch 15820/15820, validation RMSE of0.431435
epoch 13, minibatch 15820/15820, test RMSE of best model 0.415864
epoch 14, minibatch 15820/15820, validation RMSE of0.431321
epoch 14, minibatch 15820/15820, test RMSE of best model 0.415753
epoch 15, minibatch 15820/15820, validation RMSE of0.431211
epoch 15, minibatch 15820/15820, test RMSE of best model 0.415646
epoch 16, minibatch 15820/15820, validation RMSE of0.431103
epoch 16, minibatch 15820/15820, test RMSE of best model 0.415542
epoch 17, minibatch 15820/15820, validation RMSE of0.430998
epoch 17, minibatch 15820/15820, test RMSE of best model 0.415440
epoch 18, minibatch 15820/15820, validation RMSE of0.430895
epoch 18, minibatch 15820/15820, test RMSE of best model 0.415340
epoch 19, minibatch 15820/15820, validation RMSE of0.430794
epoch 19, minibatch 15820/15820, test RMSE of best model 0.415243
epoch 20, minibatch 15820/15820, validation RMSE of0.430695
epoch 20, minibatch 15820/15820, test RMSE of best model 0.415147
epoch 21, minibatch 15820/15820, validation RMSE of0.430598
epoch 21, minibatch 15820/15820, test RMSE of best model 0.415052
epoch 22, minibatch 15820/15820, validation RMSE of0.430502
epoch 22, minibatch 15820/15820, test RMSE of best model 0.414960
... building the model
... getting the finetuning functions
... finetuning the model
epoch 1, minibatch 15820/15820, validation RMSE of0.433387
epoch 1, minibatch 15820/15820, test RMSE of best model 0.417750
epoch 2, minibatch 15820/15820, validation RMSE of0.433176
epoch 2, minibatch 15820/15820, test RMSE of best model 0.417547
epoch 3, minibatch 15820/15820, validation RMSE of0.432967
epoch 3, minibatch 15820/15820, test RMSE of best model 0.417346
epoch 4, minibatch 15820/15820, validation RMSE of0.432766
epoch 4, minibatch 15820/15820, test RMSE of best model 0.417153
epoch 5, minibatch 15820/15820, validation RMSE of0.432576
epoch 5, minibatch 15820/15820, test RMSE of best model 0.416970
epoch 6, minibatch 15820/15820, validation RMSE of0.432399
epoch 6, minibatch 15820/15820, test RMSE of best model 0.416799
epoch 7, minibatch 15820/15820, validation RMSE of0.432234
epoch 7, minibatch 15820/15820, test RMSE of best model 0.416639
epoch 8, minibatch 15820/15820, validation RMSE of0.432081
epoch 8, minibatch 15820/15820, test RMSE of best model 0.416491
epoch 9, minibatch 15820/15820, validation RMSE of0.431938
epoch 9, minibatch 15820/15820, test RMSE of best model 0.416352
epoch 10, minibatch 15820/15820, validation RMSE of0.431803
epoch 10, minibatch 15820/15820, test RMSE of best model 0.416221
epoch 11, minibatch 15820/15820, validation RMSE of0.431675
epoch 11, minibatch 15820/15820, test RMSE of best model 0.416097
epoch 12, minibatch 15820/15820, validation RMSE of0.431553
epoch 12, minibatch 15820/15820, test RMSE of best model 0.415978
epoch 13, minibatch 15820/15820, validation RMSE of0.431435
epoch 13, minibatch 15820/15820, test RMSE of best model 0.415864
epoch 14, minibatch 15820/15820, validation RMSE of0.431321
epoch 14, minibatch 15820/15820, test RMSE of best model 0.415753
epoch 15, minibatch 15820/15820, validation RMSE of0.431211
epoch 15, minibatch 15820/15820, test RMSE of best model 0.415646
epoch 16, minibatch 15820/15820, validation RMSE of0.431103
epoch 16, minibatch 15820/15820, test RMSE of best model 0.415542
epoch 17, minibatch 15820/15820, validation RMSE of0.430998
epoch 17, minibatch 15820/15820, test RMSE of best model 0.415440
epoch 18, minibatch 15820/15820, validation RMSE of0.430895
epoch 18, minibatch 15820/15820, test RMSE of best model 0.415340
epoch 19, minibatch 15820/15820, validation RMSE of0.430794
epoch 19, minibatch 15820/15820, test RMSE of best model 0.415243
epoch 20, minibatch 15820/15820, validation RMSE of0.430695
epoch 20, minibatch 15820/15820, test RMSE of best model 0.415147
epoch 21, minibatch 15820/15820, validation RMSE of0.430598
epoch 21, minibatch 15820/15820, test RMSE of best model 0.415052
epoch 22, minibatch 15820/15820, validation RMSE of0.430502
epoch 22, minibatch 15820/15820, test RMSE of best model 0.414960
epoch 23, minibatch 15820/15820, validation RMSE of0.430407
epoch 23, minibatch 15820/15820, test RMSE of best model 0.414868
epoch 24, minibatch 15820/15820, validation RMSE of0.430314
epoch 24, minibatch 15820/15820, test RMSE of best model 0.414778
epoch 25, minibatch 15820/15820, validation RMSE of0.430222
epoch 25, minibatch 15820/15820, test RMSE of best model 0.414690
epoch 26, minibatch 15820/15820, validation RMSE of0.430131
epoch 26, minibatch 15820/15820, test RMSE of best model 0.414602
epoch 27, minibatch 15820/15820, validation RMSE of0.430041
epoch 27, minibatch 15820/15820, test RMSE of best model 0.414516
epoch 28, minibatch 15820/15820, validation RMSE of0.429952
epoch 28, minibatch 15820/15820, test RMSE of best model 0.414430
epoch 29, minibatch 15820/15820, validation RMSE of0.429864
epoch 29, minibatch 15820/15820, test RMSE of best model 0.414346
epoch 30, minibatch 15820/15820, validation RMSE of0.429778
epoch 30, minibatch 15820/15820, test RMSE of best model 0.414263
epoch 31, minibatch 15820/15820, validation RMSE of0.429692
epoch 31, minibatch 15820/15820, test RMSE of best model 0.414180
epoch 32, minibatch 15820/15820, validation RMSE of0.429607
epoch 32, minibatch 15820/15820, test RMSE of best model 0.414099
epoch 33, minibatch 15820/15820, validation RMSE of0.429523
epoch 33, minibatch 15820/15820, test RMSE of best model 0.414019
epoch 34, minibatch 15820/15820, validation RMSE of0.429440
epoch 34, minibatch 15820/15820, test RMSE of best model 0.413940
epoch 35, minibatch 15820/15820, validation RMSE of0.429359
epoch 35, minibatch 15820/15820, test RMSE of best model 0.413861
epoch 36, minibatch 15820/15820, validation RMSE of0.429278
epoch 36, minibatch 15820/15820, test RMSE of best model 0.413784
epoch 37, minibatch 15820/15820, validation RMSE of0.429198
epoch 37, minibatch 15820/15820, test RMSE of best model 0.413707
epoch 38, minibatch 15820/15820, validation RMSE of0.429118
epoch 38, minibatch 15820/15820, test RMSE of best model 0.413631
epoch 39, minibatch 15820/15820, validation RMSE of0.429040
epoch 39, minibatch 15820/15820, test RMSE of best model 0.413556
epoch 40, minibatch 15820/15820, validation RMSE of0.428963
epoch 40, minibatch 15820/15820, test RMSE of best model 0.413483
epoch 41, minibatch 15820/15820, validation RMSE of0.428886
epoch 41, minibatch 15820/15820, test RMSE of best model 0.413409
epoch 42, minibatch 15820/15820, validation RMSE of0.428811
epoch 42, minibatch 15820/15820, test RMSE of best model 0.413337
epoch 43, minibatch 15820/15820, validation RMSE of0.428736
epoch 43, minibatch 15820/15820, test RMSE of best model 0.413266
epoch 44, minibatch 15820/15820, validation RMSE of0.428662
epoch 44, minibatch 15820/15820, test RMSE of best model 0.413195
epoch 45, minibatch 15820/15820, validation RMSE of0.428590
epoch 45, minibatch 15820/15820, test RMSE of best model 0.413126
epoch 46, minibatch 15820/15820, validation RMSE of0.428517
epoch 46, minibatch 15820/15820, test RMSE of best model 0.413057
epoch 47, minibatch 15820/15820, validation RMSE of0.428446
epoch 47, minibatch 15820/15820, test RMSE of best model 0.412989
epoch 48, minibatch 15820/15820, validation RMSE of0.428376
epoch 48, minibatch 15820/15820, test RMSE of best model 0.412922
epoch 49, minibatch 15820/15820, validation RMSE of0.428307
epoch 49, minibatch 15820/15820, test RMSE of best model 0.412856
epoch 50, minibatch 15820/15820, validation RMSE of0.428238
epoch 50, minibatch 15820/15820, test RMSE of best model 0.412790
epoch 51, minibatch 15820/15820, validation RMSE of0.428170
epoch 51, minibatch 15820/15820, test RMSE of best model 0.412725
epoch 52, minibatch 15820/15820, validation RMSE of0.428103
epoch 52, minibatch 15820/15820, test RMSE of best model 0.412661
epoch 53, minibatch 15820/15820, validation RMSE of0.428037
epoch 53, minibatch 15820/15820, test RMSE of best model 0.412598
epoch 54, minibatch 15820/15820, validation RMSE of0.427972
epoch 54, minibatch 15820/15820, test RMSE of best model 0.412536
epoch 55, minibatch 15820/15820, validation RMSE of0.427908
epoch 55, minibatch 15820/15820, test RMSE of best model 0.412474
epoch 56, minibatch 15820/15820, validation RMSE of0.427844
epoch 56, minibatch 15820/15820, test RMSE of best model 0.412413
epoch 57, minibatch 15820/15820, validation RMSE of0.427781
epoch 57, minibatch 15820/15820, test RMSE of best model 0.412353
epoch 58, minibatch 15820/15820, validation RMSE of0.427719
epoch 58, minibatch 15820/15820, test RMSE of best model 0.412293
epoch 59, minibatch 15820/15820, validation RMSE of0.427657
epoch 59, minibatch 15820/15820, test RMSE of best model 0.412234
epoch 60, minibatch 15820/15820, validation RMSE of0.427596
epoch 60, minibatch 15820/15820, test RMSE of best model 0.412176
epoch 61, minibatch 15820/15820, validation RMSE of0.427536
epoch 61, minibatch 15820/15820, test RMSE of best model 0.412118
epoch 62, minibatch 15820/15820, validation RMSE of0.427477
epoch 62, minibatch 15820/15820, test RMSE of best model 0.412061
epoch 63, minibatch 15820/15820, validation RMSE of0.427418
epoch 63, minibatch 15820/15820, test RMSE of best model 0.412005
epoch 64, minibatch 15820/15820, validation RMSE of0.427360
epoch 64, minibatch 15820/15820, test RMSE of best model 0.411949
epoch 65, minibatch 15820/15820, validation RMSE of0.427302
epoch 65, minibatch 15820/15820, test RMSE of best model 0.411894
epoch 66, minibatch 15820/15820, validation RMSE of0.427245
epoch 66, minibatch 15820/15820, test RMSE of best model 0.411839
epoch 67, minibatch 15820/15820, validation RMSE of0.427188
epoch 67, minibatch 15820/15820, test RMSE of best model 0.411784
epoch 68, minibatch 15820/15820, validation RMSE of0.427132
epoch 68, minibatch 15820/15820, test RMSE of best model 0.411730
epoch 69, minibatch 15820/15820, validation RMSE of0.427076
epoch 69, minibatch 15820/15820, test RMSE of best model 0.411677
epoch 70, minibatch 15820/15820, validation RMSE of0.427021
epoch 70, minibatch 15820/15820, test RMSE of best model 0.411624
epoch 71, minibatch 15820/15820, validation RMSE of0.426966
epoch 71, minibatch 15820/15820, test RMSE of best model 0.411571
epoch 72, minibatch 15820/15820, validation RMSE of0.426911
epoch 72, minibatch 15820/15820, test RMSE of best model 0.411518
epoch 73, minibatch 15820/15820, validation RMSE of0.426857
epoch 73, minibatch 15820/15820, test RMSE of best model 0.411466
epoch 74, minibatch 15820/15820, validation RMSE of0.426803
epoch 74, minibatch 15820/15820, test RMSE of best model 0.411414
epoch 75, minibatch 15820/15820, validation RMSE of0.426749
epoch 75, minibatch 15820/15820, test RMSE of best model 0.411362
epoch 76, minibatch 15820/15820, validation RMSE of0.426695
epoch 76, minibatch 15820/15820, test RMSE of best model 0.411310
epoch 77, minibatch 15820/15820, validation RMSE of0.426641
epoch 77, minibatch 15820/15820, test RMSE of best model 0.411258
epoch 78, minibatch 15820/15820, validation RMSE of0.426587
epoch 78, minibatch 15820/15820, test RMSE of best model 0.411206
epoch 79, minibatch 15820/15820, validation RMSE of0.426533
epoch 79, minibatch 15820/15820, test RMSE of best model 0.411154
epoch 80, minibatch 15820/15820, validation RMSE of0.426478
epoch 80, minibatch 15820/15820, test RMSE of best model 0.411102
epoch 81, minibatch 15820/15820, validation RMSE of0.426424
epoch 81, minibatch 15820/15820, test RMSE of best model 0.411049
epoch 82, minibatch 15820/15820, validation RMSE of0.426369
epoch 82, minibatch 15820/15820, test RMSE of best model 0.410996
epoch 83, minibatch 15820/15820, validation RMSE of0.426313
epoch 83, minibatch 15820/15820, test RMSE of best model 0.410943
epoch 84, minibatch 15820/15820, validation RMSE of0.426257
epoch 84, minibatch 15820/15820, test RMSE of best model 0.410888
epoch 85, minibatch 15820/15820, validation RMSE of0.426200
epoch 85, minibatch 15820/15820, test RMSE of best model 0.410833
epoch 86, minibatch 15820/15820, validation RMSE of0.426141
epoch 86, minibatch 15820/15820, test RMSE of best model 0.410777
epoch 87, minibatch 15820/15820, validation RMSE of0.426082
epoch 87, minibatch 15820/15820, test RMSE of best model 0.410720
epoch 88, minibatch 15820/15820, validation RMSE of0.426020
epoch 88, minibatch 15820/15820, test RMSE of best model 0.410661
epoch 89, minibatch 15820/15820, validation RMSE of0.425957
epoch 89, minibatch 15820/15820, test RMSE of best model 0.410600
epoch 90, minibatch 15820/15820, validation RMSE of0.425892
epoch 90, minibatch 15820/15820, test RMSE of best model 0.410537
epoch 91, minibatch 15820/15820, validation RMSE of0.425823
epoch 91, minibatch 15820/15820, test RMSE of best model 0.410471
epoch 92, minibatch 15820/15820, validation RMSE of0.425752
epoch 92, minibatch 15820/15820, test RMSE of best model 0.410402
epoch 93, minibatch 15820/15820, validation RMSE of0.425676
epoch 93, minibatch 15820/15820, test RMSE of best model 0.410330
epoch 94, minibatch 15820/15820, validation RMSE of0.425595
epoch 94, minibatch 15820/15820, test RMSE of best model 0.410252
epoch 95, minibatch 15820/15820, validation RMSE of0.425509
epoch 95, minibatch 15820/15820, test RMSE of best model 0.410170
epoch 96, minibatch 15820/15820, validation RMSE of0.425416
epoch 96, minibatch 15820/15820, test RMSE of best model 0.410080
epoch 97, minibatch 15820/15820, validation RMSE of0.425315
epoch 97, minibatch 15820/15820, test RMSE of best model 0.409983
epoch 98, minibatch 15820/15820, validation RMSE of0.425203
epoch 98, minibatch 15820/15820, test RMSE of best model 0.409876
epoch 99, minibatch 15820/15820, validation RMSE of0.425080
epoch 99, minibatch 15820/15820, test RMSE of best model 0.409758
epoch 100, minibatch 15820/15820, validation RMSE of0.424944
epoch 100, minibatch 15820/15820, test RMSE of best model 0.409627
epoch 101, minibatch 15820/15820, validation RMSE of0.424792
epoch 101, minibatch 15820/15820, test RMSE of best model 0.409481
epoch 102, minibatch 15820/15820, validation RMSE of0.424625
epoch 102, minibatch 15820/15820, test RMSE of best model 0.409321
epoch 103, minibatch 15820/15820, validation RMSE of0.424444
epoch 103, minibatch 15820/15820, test RMSE of best model 0.409146
epoch 104, minibatch 15820/15820, validation RMSE of0.424252
epoch 104, minibatch 15820/15820, test RMSE of best model 0.408959
epoch 105, minibatch 15820/15820, validation RMSE of0.424055
epoch 105, minibatch 15820/15820, test RMSE of best model 0.408768
epoch 106, minibatch 15820/15820, validation RMSE of0.423862
epoch 106, minibatch 15820/15820, test RMSE of best model 0.408580
epoch 107, minibatch 15820/15820, validation RMSE of0.423682
epoch 107, minibatch 15820/15820, test RMSE of best model 0.408404
epoch 108, minibatch 15820/15820, validation RMSE of0.423521
epoch 108, minibatch 15820/15820, test RMSE of best model 0.408245
epoch 109, minibatch 15820/15820, validation RMSE of0.423379
epoch 109, minibatch 15820/15820, test RMSE of best model 0.408104
epoch 110, minibatch 15820/15820, validation RMSE of0.423256
epoch 110, minibatch 15820/15820, test RMSE of best model 0.407981
epoch 111, minibatch 15820/15820, validation RMSE of0.423147
epoch 111, minibatch 15820/15820, test RMSE of best model 0.407872
epoch 112, minibatch 15820/15820, validation RMSE of0.423051
epoch 112, minibatch 15820/15820, test RMSE of best model 0.407775
epoch 113, minibatch 15820/15820, validation RMSE of0.422963
epoch 113, minibatch 15820/15820, test RMSE of best model 0.407687
epoch 114, minibatch 15820/15820, validation RMSE of0.422883
epoch 114, minibatch 15820/15820, test RMSE of best model 0.407607
epoch 115, minibatch 15820/15820, validation RMSE of0.422808
epoch 115, minibatch 15820/15820, test RMSE of best model 0.407531
epoch 116, minibatch 15820/15820, validation RMSE of0.422737
epoch 116, minibatch 15820/15820, test RMSE of best model 0.407461
epoch 117, minibatch 15820/15820, validation RMSE of0.422670
epoch 117, minibatch 15820/15820, test RMSE of best model 0.407393
epoch 118, minibatch 15820/15820, validation RMSE of0.422606
epoch 118, minibatch 15820/15820, test RMSE of best model 0.407329
epoch 119, minibatch 15820/15820, validation RMSE of0.422544
epoch 119, minibatch 15820/15820, test RMSE of best model 0.407267
epoch 120, minibatch 15820/15820, validation RMSE of0.422484
epoch 120, minibatch 15820/15820, test RMSE of best model 0.407207
epoch 121, minibatch 15820/15820, validation RMSE of0.422425
epoch 121, minibatch 15820/15820, test RMSE of best model 0.407149
epoch 122, minibatch 15820/15820, validation RMSE of0.422369
epoch 122, minibatch 15820/15820, test RMSE of best model 0.407092
epoch 123, minibatch 15820/15820, validation RMSE of0.422313
epoch 123, minibatch 15820/15820, test RMSE of best model 0.407036
epoch 124, minibatch 15820/15820, validation RMSE of0.422259
epoch 124, minibatch 15820/15820, test RMSE of best model 0.406982
epoch 125, minibatch 15820/15820, validation RMSE of0.422205
epoch 125, minibatch 15820/15820, test RMSE of best model 0.406929
epoch 126, minibatch 15820/15820, validation RMSE of0.422153
epoch 126, minibatch 15820/15820, test RMSE of best model 0.406876
epoch 127, minibatch 15820/15820, validation RMSE of0.422101
epoch 127, minibatch 15820/15820, test RMSE of best model 0.406825
epoch 128, minibatch 15820/15820, validation RMSE of0.422050
epoch 128, minibatch 15820/15820, test RMSE of best model 0.406774
epoch 129, minibatch 15820/15820, validation RMSE of0.422000
epoch 129, minibatch 15820/15820, test RMSE of best model 0.406724
epoch 130, minibatch 15820/15820, validation RMSE of0.421951
epoch 130, minibatch 15820/15820, test RMSE of best model 0.406675
epoch 131, minibatch 15820/15820, validation RMSE of0.421902
epoch 131, minibatch 15820/15820, test RMSE of best model 0.406627
epoch 132, minibatch 15820/15820, validation RMSE of0.421854
epoch 132, minibatch 15820/15820, test RMSE of best model 0.406579
epoch 133, minibatch 15820/15820, validation RMSE of0.421806
epoch 133, minibatch 15820/15820, test RMSE of best model 0.406532
epoch 134, minibatch 15820/15820, validation RMSE of0.421759
epoch 134, minibatch 15820/15820, test RMSE of best model 0.406485
epoch 135, minibatch 15820/15820, validation RMSE of0.421713
epoch 135, minibatch 15820/15820, test RMSE of best model 0.406439
epoch 136, minibatch 15820/15820, validation RMSE of0.421667
epoch 136, minibatch 15820/15820, test RMSE of best model 0.406393
epoch 137, minibatch 15820/15820, validation RMSE of0.421622
epoch 137, minibatch 15820/15820, test RMSE of best model 0.406348
epoch 138, minibatch 15820/15820, validation RMSE of0.421577
epoch 138, minibatch 15820/15820, test RMSE of best model 0.406303
epoch 139, minibatch 15820/15820, validation RMSE of0.421532
epoch 139, minibatch 15820/15820, test RMSE of best model 0.406259
epoch 140, minibatch 15820/15820, validation RMSE of0.421488
epoch 140, minibatch 15820/15820, test RMSE of best model 0.406216
epoch 141, minibatch 15820/15820, validation RMSE of0.421445
epoch 141, minibatch 15820/15820, test RMSE of best model 0.406173
epoch 142, minibatch 15820/15820, validation RMSE of0.421402
epoch 142, minibatch 15820/15820, test RMSE of best model 0.406130
epoch 143, minibatch 15820/15820, validation RMSE of0.421359
epoch 143, minibatch 15820/15820, test RMSE of best model 0.406088
epoch 144, minibatch 15820/15820, validation RMSE of0.421317
epoch 144, minibatch 15820/15820, test RMSE of best model 0.406046
epoch 145, minibatch 15820/15820, validation RMSE of0.421275
epoch 145, minibatch 15820/15820, test RMSE of best model 0.406004
epoch 146, minibatch 15820/15820, validation RMSE of0.421234
epoch 146, minibatch 15820/15820, test RMSE of best model 0.405963
epoch 147, minibatch 15820/15820, validation RMSE of0.421193
epoch 147, minibatch 15820/15820, test RMSE of best model 0.405923
epoch 148, minibatch 15820/15820, validation RMSE of0.421152
epoch 148, minibatch 15820/15820, test RMSE of best model 0.405883
epoch 149, minibatch 15820/15820, validation RMSE of0.421112
epoch 149, minibatch 15820/15820, test RMSE of best model 0.405843
epoch 150, minibatch 15820/15820, validation RMSE of0.421072
epoch 150, minibatch 15820/15820, test RMSE of best model 0.405804
epoch 151, minibatch 15820/15820, validation RMSE of0.421033
epoch 151, minibatch 15820/15820, test RMSE of best model 0.405765
epoch 152, minibatch 15820/15820, validation RMSE of0.420993
epoch 152, minibatch 15820/15820, test RMSE of best model 0.405726
epoch 153, minibatch 15820/15820, validation RMSE of0.420955
epoch 153, minibatch 15820/15820, test RMSE of best model 0.405688
epoch 154, minibatch 15820/15820, validation RMSE of0.420916
epoch 154, minibatch 15820/15820, test RMSE of best model 0.405650
epoch 155, minibatch 15820/15820, validation RMSE of0.420879
epoch 155, minibatch 15820/15820, test RMSE of best model 0.405613
epoch 156, minibatch 15820/15820, validation RMSE of0.420841
epoch 156, minibatch 15820/15820, test RMSE of best model 0.405575
epoch 157, minibatch 15820/15820, validation RMSE of0.420804
epoch 157, minibatch 15820/15820, test RMSE of best model 0.405539
epoch 158, minibatch 15820/15820, validation RMSE of0.420767
epoch 158, minibatch 15820/15820, test RMSE of best model 0.405502
epoch 159, minibatch 15820/15820, validation RMSE of0.420730
epoch 159, minibatch 15820/15820, test RMSE of best model 0.405466
epoch 160, minibatch 15820/15820, validation RMSE of0.420694
epoch 160, minibatch 15820/15820, test RMSE of best model 0.405430
epoch 161, minibatch 15820/15820, validation RMSE of0.420658
epoch 161, minibatch 15820/15820, test RMSE of best model 0.405395
epoch 162, minibatch 15820/15820, validation RMSE of0.420623
epoch 162, minibatch 15820/15820, test RMSE of best model 0.405360
epoch 163, minibatch 15820/15820, validation RMSE of0.420587
epoch 163, minibatch 15820/15820, test RMSE of best model 0.405325
epoch 164, minibatch 15820/15820, validation RMSE of0.420552
epoch 164, minibatch 15820/15820, test RMSE of best model 0.405291
epoch 165, minibatch 15820/15820, validation RMSE of0.420518
epoch 165, minibatch 15820/15820, test RMSE of best model 0.405257
epoch 166, minibatch 15820/15820, validation RMSE of0.420483
epoch 166, minibatch 15820/15820, test RMSE of best model 0.405223
epoch 167, minibatch 15820/15820, validation RMSE of0.420449
epoch 167, minibatch 15820/15820, test RMSE of best model 0.405189
epoch 168, minibatch 15820/15820, validation RMSE of0.420416
epoch 168, minibatch 15820/15820, test RMSE of best model 0.405156
epoch 169, minibatch 15820/15820, validation RMSE of0.420382
epoch 169, minibatch 15820/15820, test RMSE of best model 0.405123
epoch 170, minibatch 15820/15820, validation RMSE of0.420349
epoch 170, minibatch 15820/15820, test RMSE of best model 0.405091
epoch 171, minibatch 15820/15820, validation RMSE of0.420316
epoch 171, minibatch 15820/15820, test RMSE of best model 0.405058
epoch 172, minibatch 15820/15820, validation RMSE of0.420284
epoch 172, minibatch 15820/15820, test RMSE of best model 0.405026
epoch 173, minibatch 15820/15820, validation RMSE of0.420251
epoch 173, minibatch 15820/15820, test RMSE of best model 0.404995
epoch 174, minibatch 15820/15820, validation RMSE of0.420219
epoch 174, minibatch 15820/15820, test RMSE of best model 0.404963
epoch 175, minibatch 15820/15820, validation RMSE of0.420187
epoch 175, minibatch 15820/15820, test RMSE of best model 0.404932
epoch 176, minibatch 15820/15820, validation RMSE of0.420156
epoch 176, minibatch 15820/15820, test RMSE of best model 0.404901
epoch 177, minibatch 15820/15820, validation RMSE of0.420125
epoch 177, minibatch 15820/15820, test RMSE of best model 0.404870
epoch 178, minibatch 15820/15820, validation RMSE of0.420094
epoch 178, minibatch 15820/15820, test RMSE of best model 0.404840
epoch 179, minibatch 15820/15820, validation RMSE of0.420063
epoch 179, minibatch 15820/15820, test RMSE of best model 0.404809
epoch 180, minibatch 15820/15820, validation RMSE of0.420032
epoch 180, minibatch 15820/15820, test RMSE of best model 0.404779
epoch 181, minibatch 15820/15820, validation RMSE of0.420002
epoch 181, minibatch 15820/15820, test RMSE of best model 0.404750
epoch 182, minibatch 15820/15820, validation RMSE of0.419972
epoch 182, minibatch 15820/15820, test RMSE of best model 0.404720
epoch 183, minibatch 15820/15820, validation RMSE of0.419942
epoch 183, minibatch 15820/15820, test RMSE of best model 0.404691
epoch 184, minibatch 15820/15820, validation RMSE of0.419913
epoch 184, minibatch 15820/15820, test RMSE of best model 0.404662
epoch 185, minibatch 15820/15820, validation RMSE of0.419883
epoch 185, minibatch 15820/15820, test RMSE of best model 0.404633
epoch 186, minibatch 15820/15820, validation RMSE of0.419854
epoch 186, minibatch 15820/15820, test RMSE of best model 0.404604
epoch 187, minibatch 15820/15820, validation RMSE of0.419825
epoch 187, minibatch 15820/15820, test RMSE of best model 0.404576
epoch 188, minibatch 15820/15820, validation RMSE of0.419796
epoch 188, minibatch 15820/15820, test RMSE of best model 0.404548
epoch 189, minibatch 15820/15820, validation RMSE of0.419768
epoch 189, minibatch 15820/15820, test RMSE of best model 0.404520
epoch 190, minibatch 15820/15820, validation RMSE of0.419739
epoch 190, minibatch 15820/15820, test RMSE of best model 0.404492
epoch 191, minibatch 15820/15820, validation RMSE of0.419711
epoch 191, minibatch 15820/15820, test RMSE of best model 0.404464
epoch 192, minibatch 15820/15820, validation RMSE of0.419683
epoch 192, minibatch 15820/15820, test RMSE of best model 0.404437
epoch 193, minibatch 15820/15820, validation RMSE of0.419655
epoch 193, minibatch 15820/15820, test RMSE of best model 0.404410
epoch 194, minibatch 15820/15820, validation RMSE of0.419628
epoch 194, minibatch 15820/15820, test RMSE of best model 0.404383
epoch 195, minibatch 15820/15820, validation RMSE of0.419600
epoch 195, minibatch 15820/15820, test RMSE of best model 0.404356
epoch 196, minibatch 15820/15820, validation RMSE of0.419573
epoch 196, minibatch 15820/15820, test RMSE of best model 0.404329
epoch 197, minibatch 15820/15820, validation RMSE of0.419546
epoch 197, minibatch 15820/15820, test RMSE of best model 0.404303
