... building the model
... getting the pretraining functions
... pre-training the binary-binary layers
Pre-training layer 1, epoch 0, cost 5055.081221
Pre-training layer 1, epoch 1, cost 4865.587746
Pre-training layer 1, epoch 2, cost 4811.575383
Pre-training layer 1, epoch 3, cost 4780.353845
Pre-training layer 1, epoch 4, cost 4756.969862
Pre-training layer 1, epoch 5, cost 4738.324306
Pre-training layer 1, epoch 6, cost 4722.156660
Pre-training layer 1, epoch 7, cost 4709.815901
Pre-training layer 1, epoch 8, cost 4699.068312
Pre-training layer 1, epoch 9, cost 4688.293952
Pre-training layer 1, epoch 10, cost 4679.542884
Pre-training layer 1, epoch 11, cost 4670.650609
Pre-training layer 1, epoch 12, cost 4661.370550
Pre-training layer 1, epoch 13, cost 4655.454048
Pre-training layer 1, epoch 14, cost 4648.515006
Pre-training layer 1, epoch 15, cost 4642.788488
Pre-training layer 1, epoch 16, cost 4636.787521
Pre-training layer 1, epoch 17, cost 4630.357106
Pre-training layer 1, epoch 18, cost 4625.524715
Pre-training layer 1, epoch 19, cost 4620.245230
Pre-training layer 1, epoch 20, cost 4615.294369
Pre-training layer 1, epoch 21, cost 4611.006148
Pre-training layer 1, epoch 22, cost 4606.370928
Pre-training layer 1, epoch 23, cost 4603.584460
Pre-training layer 1, epoch 24, cost 4598.662087
Pre-training layer 1, epoch 25, cost 4595.794466
Pre-training layer 1, epoch 26, cost 4590.904118
Pre-training layer 1, epoch 27, cost 4587.148023
Pre-training layer 1, epoch 28, cost 4583.429681
Pre-training layer 1, epoch 29, cost 4580.344598
Pre-training layer 1, epoch 30, cost 4577.028631
Pre-training layer 1, epoch 31, cost 4575.044351
Pre-training layer 1, epoch 32, cost 4570.780516
Pre-training layer 1, epoch 33, cost 4568.710139
Pre-training layer 1, epoch 34, cost 4564.951607
Pre-training layer 1, epoch 35, cost 4562.900320
Pre-training layer 1, epoch 36, cost 4560.558173
Pre-training layer 1, epoch 37, cost 4557.739200
Pre-training layer 1, epoch 38, cost 4555.291398
Pre-training layer 1, epoch 39, cost 4552.292349
Pre-training layer 1, epoch 40, cost 4549.992021
Pre-training layer 1, epoch 41, cost 4547.696587
Pre-training layer 1, epoch 42, cost 4545.880227
Pre-training layer 1, epoch 43, cost 4543.301690
Pre-training layer 1, epoch 44, cost 4540.798936
Pre-training layer 1, epoch 45, cost 4539.078193
Pre-training layer 1, epoch 46, cost 4537.004680
Pre-training layer 1, epoch 47, cost 4535.166755
Pre-training layer 1, epoch 48, cost 4533.189634
Pre-training layer 1, epoch 49, cost 4531.716664
Pre-training layer 1, epoch 50, cost 4530.136890
Pre-training layer 1, epoch 51, cost 4527.412893
Pre-training layer 1, epoch 52, cost 4526.234682
Pre-training layer 1, epoch 53, cost 4524.296234
Pre-training layer 1, epoch 54, cost 4522.853500
Pre-training layer 1, epoch 55, cost 4520.969380
Pre-training layer 1, epoch 56, cost 4519.703195
Pre-training layer 1, epoch 57, cost 4518.075055
Pre-training layer 1, epoch 58, cost 4516.050392
Pre-training layer 1, epoch 59, cost 4516.034335
Pre-training layer 1, epoch 60, cost 4513.592451
Pre-training layer 1, epoch 61, cost 4512.605172
Pre-training layer 1, epoch 62, cost 4510.877157
Pre-training layer 1, epoch 63, cost 4509.716803
Pre-training layer 1, epoch 64, cost 4507.638417
Pre-training layer 1, epoch 65, cost 4506.992233
Pre-training layer 1, epoch 66, cost 4505.070119
Pre-training layer 1, epoch 67, cost 4504.841882
Pre-training layer 1, epoch 68, cost 4502.991192
Pre-training layer 1, epoch 69, cost 4502.106213
Pre-training layer 1, epoch 70, cost 4500.583586
Pre-training layer 1, epoch 71, cost 4499.250562
Pre-training layer 1, epoch 72, cost 4498.976969
Pre-training layer 1, epoch 73, cost 4497.167999
Pre-training layer 1, epoch 74, cost 4496.433273
Pre-training layer 1, epoch 75, cost 4495.549968
Pre-training layer 1, epoch 76, cost 4493.710344
Pre-training layer 1, epoch 77, cost 4492.857089
Pre-training layer 1, epoch 78, cost 4492.218769
Pre-training layer 1, epoch 79, cost 4491.166255
Pre-training layer 1, epoch 80, cost 4489.970099
Pre-training layer 1, epoch 81, cost 4488.505928
Pre-training layer 1, epoch 82, cost 4488.632973
Pre-training layer 1, epoch 83, cost 4487.994302
Pre-training layer 1, epoch 84, cost 4486.775890
Pre-training layer 1, epoch 85, cost 4486.108132
Pre-training layer 1, epoch 86, cost 4484.844923
Pre-training layer 1, epoch 87, cost 4484.462085
Pre-training layer 1, epoch 88, cost 4483.477707
Pre-training layer 1, epoch 89, cost 4482.508192
Pre-training layer 1, epoch 90, cost 4481.957244
Pre-training layer 1, epoch 91, cost 4481.091110
Pre-training layer 1, epoch 92, cost 4480.685310
Pre-training layer 1, epoch 93, cost 4480.064391
Pre-training layer 1, epoch 94, cost 4478.747615
Pre-training layer 1, epoch 95, cost 4477.848823
Pre-training layer 1, epoch 96, cost 4477.493050
Pre-training layer 1, epoch 97, cost 4476.254987
Pre-training layer 1, epoch 98, cost 4476.163588
Pre-training layer 1, epoch 99, cost 4475.451954
Pre-training layer 1, epoch 100, cost 4475.075534
Pre-training layer 1, epoch 101, cost 4473.958446
Pre-training layer 1, epoch 102, cost 4473.640513
Pre-training layer 1, epoch 103, cost 4472.116626
Pre-training layer 1, epoch 104, cost 4471.812690
Pre-training layer 1, epoch 105, cost 4471.078851
Pre-training layer 1, epoch 106, cost 4470.935065
Pre-training layer 1, epoch 107, cost 4469.978665
Pre-training layer 1, epoch 108, cost 4469.419089
Pre-training layer 1, epoch 109, cost 4468.507447
Pre-training layer 1, epoch 110, cost 4468.358503
Pre-training layer 1, epoch 111, cost 4467.883370
Pre-training layer 1, epoch 112, cost 4467.192452
Pre-training layer 1, epoch 113, cost 4466.443926
Pre-training layer 1, epoch 114, cost 4465.913133
Pre-training layer 1, epoch 115, cost 4465.999735
Pre-training layer 1, epoch 116, cost 4464.934176
Pre-training layer 1, epoch 117, cost 4464.334317
Pre-training layer 1, epoch 118, cost 4464.125422
Pre-training layer 1, epoch 119, cost 4463.538776
Pre-training layer 1, epoch 120, cost 4463.117530
Pre-training layer 1, epoch 121, cost 4462.559283
Pre-training layer 1, epoch 122, cost 4461.698689
Pre-training layer 1, epoch 123, cost 4461.090375
Pre-training layer 1, epoch 124, cost 4461.323663
Pre-training layer 1, epoch 125, cost 4460.397490
Pre-training layer 1, epoch 126, cost 4459.707907
Pre-training layer 1, epoch 127, cost 4460.091394
Pre-training layer 1, epoch 128, cost 4459.101160
Pre-training layer 1, epoch 129, cost 4458.882318
Pre-training layer 1, epoch 130, cost 4458.294871
Pre-training layer 1, epoch 131, cost 4457.760016
Pre-training layer 1, epoch 132, cost 4457.300622
Pre-training layer 1, epoch 133, cost 4457.201154
Pre-training layer 1, epoch 134, cost 4456.843820
Pre-training layer 1, epoch 135, cost 4455.747316
Pre-training layer 1, epoch 136, cost 4455.815392
Pre-training layer 1, epoch 137, cost 4455.071632
Pre-training layer 1, epoch 138, cost 4454.252413
Pre-training layer 1, epoch 139, cost 4454.359956
Pre-training layer 1, epoch 140, cost 4454.306414
Pre-training layer 1, epoch 141, cost 4453.883973
Pre-training layer 1, epoch 142, cost 4453.014861
Pre-training layer 1, epoch 143, cost 4452.565563
Pre-training layer 1, epoch 144, cost 4452.787793
Pre-training layer 1, epoch 145, cost 4452.016274
Pre-training layer 1, epoch 146, cost 4451.867633
Pre-training layer 1, epoch 147, cost 4451.472252
Pre-training layer 1, epoch 148, cost 4451.081256
Pre-training layer 1, epoch 149, cost 4450.307483
Pre-training layer 1, epoch 150, cost 4450.264879
Pre-training layer 1, epoch 151, cost 4449.804982
Pre-training layer 1, epoch 152, cost 4449.547259
Pre-training layer 1, epoch 153, cost 4448.822357
Pre-training layer 1, epoch 154, cost 4448.654285
Pre-training layer 1, epoch 155, cost 4448.230294
Pre-training layer 1, epoch 156, cost 4448.092416
Pre-training layer 1, epoch 157, cost 4447.900854
Pre-training layer 1, epoch 158, cost 4447.432599
Pre-training layer 1, epoch 159, cost 4446.732963
Pre-training layer 1, epoch 160, cost 4446.534383
Pre-training layer 1, epoch 161, cost 4446.236138
Pre-training layer 1, epoch 162, cost 4445.936858
Pre-training layer 1, epoch 163, cost 4446.039035
Pre-training layer 1, epoch 164, cost 4445.333582
Pre-training layer 1, epoch 165, cost 4445.403992
Pre-training layer 1, epoch 166, cost 4444.560288
Pre-training layer 1, epoch 167, cost 4444.899906
Pre-training layer 1, epoch 168, cost 4444.186482
Pre-training layer 1, epoch 169, cost 4443.392733
Pre-training layer 1, epoch 170, cost 4444.057182
Pre-training layer 1, epoch 171, cost 4443.486129
Pre-training layer 1, epoch 172, cost 4442.651927
Pre-training layer 1, epoch 173, cost 4442.132067
Pre-training layer 1, epoch 174, cost 4442.482494
Pre-training layer 1, epoch 175, cost 4441.880978
Pre-training layer 1, epoch 176, cost 4441.678288
Pre-training layer 1, epoch 177, cost 4441.658402
Pre-training layer 1, epoch 178, cost 4441.532548
Pre-training layer 1, epoch 179, cost 4441.170372
Pre-training layer 1, epoch 180, cost 4440.798460
Pre-training layer 1, epoch 181, cost 4440.331991
Pre-training layer 1, epoch 182, cost 4439.710830
Pre-training layer 1, epoch 183, cost 4439.769014
Pre-training layer 1, epoch 184, cost 4439.657909
Pre-training layer 1, epoch 185, cost 4439.605756
Pre-training layer 1, epoch 186, cost 4438.837407
Pre-training layer 1, epoch 187, cost 4439.203227
Pre-training layer 1, epoch 188, cost 4438.427089
Pre-training layer 1, epoch 189, cost 4438.523067
Pre-training layer 1, epoch 190, cost 4437.577571
Pre-training layer 1, epoch 191, cost 4437.711455
Pre-training layer 1, epoch 192, cost 4437.647907
Pre-training layer 1, epoch 193, cost 4436.992379
Pre-training layer 1, epoch 194, cost 4437.034186
Pre-training layer 1, epoch 195, cost 4436.747009
Pre-training layer 1, epoch 196, cost 4436.666110
Pre-training layer 1, epoch 197, cost 4436.475505
Pre-training layer 1, epoch 198, cost 4436.324737
Pre-training layer 1, epoch 199, cost 4435.782587
Pre-training layer 1, epoch 200, cost 4435.658757
Pre-training layer 1, epoch 201, cost 4435.061656
Pre-training layer 1, epoch 202, cost 4434.559529
Pre-training layer 1, epoch 203, cost 4434.666440
Pre-training layer 1, epoch 204, cost 4434.329360
Pre-training layer 1, epoch 205, cost 4434.369373
Pre-training layer 1, epoch 206, cost 4433.797892
Pre-training layer 1, epoch 207, cost 4433.964207
Pre-training layer 1, epoch 208, cost 4434.034034
Pre-training layer 1, epoch 209, cost 4433.469317
Pre-training layer 1, epoch 210, cost 4433.276809
Pre-training layer 1, epoch 211, cost 4433.054494
Pre-training layer 1, epoch 212, cost 4432.836411
Pre-training layer 1, epoch 213, cost 4432.947987
Pre-training layer 1, epoch 214, cost 4431.944287
Pre-training layer 1, epoch 215, cost 4432.004263
Pre-training layer 1, epoch 216, cost 4432.057475
Pre-training layer 1, epoch 217, cost 4431.671950
Pre-training layer 1, epoch 218, cost 4431.804888
Pre-training layer 1, epoch 219, cost 4431.139454
Pre-training layer 1, epoch 220, cost 4430.882098
Pre-training layer 1, epoch 221, cost 4430.358958
Pre-training layer 1, epoch 222, cost 4430.435338
Pre-training layer 1, epoch 223, cost 4430.396969
Pre-training layer 1, epoch 224, cost 4430.157532
Pre-training layer 1, epoch 225, cost 4429.632066
Pre-training layer 1, epoch 226, cost 4429.817466
Pre-training layer 1, epoch 227, cost 4429.821705
Pre-training layer 1, epoch 228, cost 4429.175463
Pre-training layer 1, epoch 229, cost 4429.409558
Pre-training layer 1, epoch 230, cost 4428.978402
Pre-training layer 1, epoch 231, cost 4428.553751
Pre-training layer 1, epoch 232, cost 4428.574244
Pre-training layer 1, epoch 233, cost 4428.916277
Pre-training layer 1, epoch 234, cost 4428.356358
Pre-training layer 1, epoch 235, cost 4428.031822
Pre-training layer 1, epoch 236, cost 4428.114391
Pre-training layer 1, epoch 237, cost 4427.335223
Pre-training layer 1, epoch 238, cost 4427.395610
Pre-training layer 1, epoch 239, cost 4427.201998
Pre-training layer 1, epoch 240, cost 4426.932478
Pre-training layer 1, epoch 241, cost 4426.864806
Pre-training layer 1, epoch 242, cost 4426.567768
Pre-training layer 1, epoch 243, cost 4426.786264
Pre-training layer 1, epoch 244, cost 4426.323979
Pre-training layer 1, epoch 245, cost 4426.131905
Pre-training layer 1, epoch 246, cost 4425.891258
Pre-training layer 1, epoch 247, cost 4425.568718
Pre-training layer 1, epoch 248, cost 4425.956912
Pre-training layer 1, epoch 249, cost 4425.451689
Pre-training layer 1, epoch 250, cost 4425.164249
Pre-training layer 1, epoch 251, cost 4425.063731
Pre-training layer 1, epoch 252, cost 4424.645599
Pre-training layer 1, epoch 253, cost 4424.710241
Pre-training layer 1, epoch 254, cost 4424.647233
Pre-training layer 1, epoch 255, cost 4424.268527
Pre-training layer 1, epoch 256, cost 4423.990390
Pre-training layer 1, epoch 257, cost 4423.900003
Pre-training layer 1, epoch 258, cost 4423.955884
Pre-training layer 1, epoch 259, cost 4423.899651
Pre-training layer 1, epoch 260, cost 4423.724214
Pre-training layer 1, epoch 261, cost 4423.202971
Pre-training layer 1, epoch 262, cost 4423.667446
Pre-training layer 1, epoch 263, cost 4422.916716
Pre-training layer 1, epoch 264, cost 4423.561077
Pre-training layer 1, epoch 265, cost 4422.986919
Pre-training layer 1, epoch 266, cost 4422.518473
Pre-training layer 1, epoch 267, cost 4422.299180
Pre-training layer 1, epoch 268, cost 4422.319183
Pre-training layer 1, epoch 269, cost 4422.265687
Pre-training layer 1, epoch 270, cost 4421.773358
Pre-training layer 1, epoch 271, cost 4421.986343
Pre-training layer 1, epoch 272, cost 4421.379749
Pre-training layer 1, epoch 273, cost 4421.592082
Pre-training layer 1, epoch 274, cost 4421.551846
Pre-training layer 1, epoch 275, cost 4421.053023
Pre-training layer 1, epoch 276, cost 4421.386605
Pre-training layer 1, epoch 277, cost 4421.322075
Pre-training layer 1, epoch 278, cost 4420.634388
Pre-training layer 1, epoch 279, cost 4420.431257
Pre-training layer 1, epoch 280, cost 4420.386960
Pre-training layer 1, epoch 281, cost 4420.517257
Pre-training layer 1, epoch 282, cost 4420.012382
Pre-training layer 1, epoch 283, cost 4420.046822
Pre-training layer 1, epoch 284, cost 4420.039163
Pre-training layer 1, epoch 285, cost 4419.790583
Pre-training layer 1, epoch 286, cost 4419.538680
Pre-training layer 1, epoch 287, cost 4419.703355
Pre-training layer 1, epoch 288, cost 4419.267180
Pre-training layer 1, epoch 289, cost 4419.583565
Pre-training layer 1, epoch 290, cost 4419.212078
Pre-training layer 1, epoch 291, cost 4418.570197
Pre-training layer 1, epoch 292, cost 4418.653747
Pre-training layer 1, epoch 293, cost 4418.892399
Pre-training layer 1, epoch 294, cost 4418.385142
Pre-training layer 1, epoch 295, cost 4418.395663
Pre-training layer 1, epoch 296, cost 4418.012298
Pre-training layer 1, epoch 297, cost 4418.257125
Pre-training layer 1, epoch 298, cost 4418.002936
Pre-training layer 1, epoch 299, cost 4417.916859
Pre-training layer 2, epoch 0, cost 1270.876157
Pre-training layer 2, epoch 1, cost 1171.544526
Pre-training layer 2, epoch 2, cost 1143.059979
Pre-training layer 2, epoch 3, cost 1125.421827
Pre-training layer 2, epoch 4, cost 1112.727885
Pre-training layer 2, epoch 5, cost 1102.913737
Pre-training layer 2, epoch 6, cost 1094.845972
Pre-training layer 2, epoch 7, cost 1088.162888
Pre-training layer 2, epoch 8, cost 1082.379665
Pre-training layer 2, epoch 9, cost 1077.326386
Pre-training layer 2, epoch 10, cost 1072.774159
Pre-training layer 2, epoch 11, cost 1068.744329
Pre-training layer 2, epoch 12, cost 1065.041352
Pre-training layer 2, epoch 13, cost 1061.691932
Pre-training layer 2, epoch 14, cost 1058.507507
Pre-training layer 2, epoch 15, cost 1055.612205
Pre-training layer 2, epoch 16, cost 1053.002414
Pre-training layer 2, epoch 17, cost 1050.462874
Pre-training layer 2, epoch 18, cost 1048.146961
Pre-training layer 2, epoch 19, cost 1045.904828
Pre-training layer 2, epoch 20, cost 1043.805077
Pre-training layer 2, epoch 21, cost 1041.864859
Pre-training layer 2, epoch 22, cost 1039.955955
Pre-training layer 2, epoch 23, cost 1038.204104
Pre-training layer 2, epoch 24, cost 1036.483402
Pre-training layer 2, epoch 25, cost 1034.917037
Pre-training layer 2, epoch 26, cost 1033.343227
Pre-training layer 2, epoch 27, cost 1031.822743
Pre-training layer 2, epoch 28, cost 1030.417374
Pre-training layer 2, epoch 29, cost 1029.009531
Pre-training layer 2, epoch 30, cost 1027.732541
Pre-training layer 2, epoch 31, cost 1026.445338
Pre-training layer 2, epoch 32, cost 1025.248951
Pre-training layer 2, epoch 33, cost 1024.084797
Pre-training layer 2, epoch 34, cost 1022.857891
Pre-training layer 2, epoch 35, cost 1021.863633
Pre-training layer 2, epoch 36, cost 1020.766372
Pre-training layer 2, epoch 37, cost 1019.745844
Pre-training layer 2, epoch 38, cost 1018.757380
Pre-training layer 2, epoch 39, cost 1017.785524
Pre-training layer 2, epoch 40, cost 1016.861268
Pre-training layer 2, epoch 41, cost 1015.906916
Pre-training layer 2, epoch 42, cost 1015.041773
Pre-training layer 2, epoch 43, cost 1014.199761
Pre-training layer 2, epoch 44, cost 1013.367830
Pre-training layer 2, epoch 45, cost 1012.535303
Pre-training layer 2, epoch 46, cost 1011.770409
Pre-training layer 2, epoch 47, cost 1010.978756
Pre-training layer 2, epoch 48, cost 1010.242406
Pre-training layer 2, epoch 49, cost 1009.471660
Pre-training layer 2, epoch 50, cost 1008.796556
Pre-training layer 2, epoch 51, cost 1008.097390
Pre-training layer 2, epoch 52, cost 1007.433789
Pre-training layer 2, epoch 53, cost 1006.734983
Pre-training layer 2, epoch 54, cost 1006.136029
Pre-training layer 2, epoch 55, cost 1005.524937
Pre-training layer 2, epoch 56, cost 1004.883275
Pre-training layer 2, epoch 57, cost 1004.231401
Pre-training layer 2, epoch 58, cost 1003.665235
Pre-training layer 2, epoch 59, cost 1003.106519
Pre-training layer 2, epoch 60, cost 1002.515398
Pre-training layer 2, epoch 61, cost 1001.976286
Pre-training layer 2, epoch 62, cost 1001.469784
Pre-training layer 2, epoch 63, cost 1000.922261
Pre-training layer 2, epoch 64, cost 1000.455124
Pre-training layer 2, epoch 65, cost 999.858123
Pre-training layer 2, epoch 66, cost 999.448426
Pre-training layer 2, epoch 67, cost 998.906458
Pre-training layer 2, epoch 68, cost 998.398032
Pre-training layer 2, epoch 69, cost 997.926598
Pre-training layer 2, epoch 70, cost 997.543400
Pre-training layer 2, epoch 71, cost 997.068721
Pre-training layer 2, epoch 72, cost 996.664441
Pre-training layer 2, epoch 73, cost 996.161040
Pre-training layer 2, epoch 74, cost 995.752194
Pre-training layer 2, epoch 75, cost 995.361511
Pre-training layer 2, epoch 76, cost 994.918228
Pre-training layer 2, epoch 77, cost 994.585049
Pre-training layer 2, epoch 78, cost 994.232146
Pre-training layer 2, epoch 79, cost 993.790249
Pre-training layer 2, epoch 80, cost 993.390916
Pre-training layer 2, epoch 81, cost 992.950565
Pre-training layer 2, epoch 82, cost 992.700874
Pre-training layer 2, epoch 83, cost 992.238771
Pre-training layer 2, epoch 84, cost 991.931896
Pre-training layer 2, epoch 85, cost 991.593764
Pre-training layer 2, epoch 86, cost 991.190829
Pre-training layer 2, epoch 87, cost 990.847627
Pre-training layer 2, epoch 88, cost 990.575197
Pre-training layer 2, epoch 89, cost 990.219984
Pre-training layer 2, epoch 90, cost 989.889627
Pre-training layer 2, epoch 91, cost 989.590927
Pre-training layer 2, epoch 92, cost 989.269497
Pre-training layer 2, epoch 93, cost 988.955150
Pre-training layer 2, epoch 94, cost 988.692839
Pre-training layer 2, epoch 95, cost 988.353900
Pre-training layer 2, epoch 96, cost 988.101053
Pre-training layer 2, epoch 97, cost 987.777183
Pre-training layer 2, epoch 98, cost 987.549971
Pre-training layer 2, epoch 99, cost 987.233092
Pre-training layer 2, epoch 100, cost 986.952908
Pre-training layer 2, epoch 101, cost 986.715249
Pre-training layer 2, epoch 102, cost 986.421476
Pre-training layer 2, epoch 103, cost 986.167296
Pre-training layer 2, epoch 104, cost 985.899334
Pre-training layer 2, epoch 105, cost 985.705541
Pre-training layer 2, epoch 106, cost 985.434859
Pre-training layer 2, epoch 107, cost 985.158204
Pre-training layer 2, epoch 108, cost 984.947008
Pre-training layer 2, epoch 109, cost 984.674019
Pre-training layer 2, epoch 110, cost 984.404668
Pre-training layer 2, epoch 111, cost 984.217369
Pre-training layer 2, epoch 112, cost 983.968522
Pre-training layer 2, epoch 113, cost 983.741938
Pre-training layer 2, epoch 114, cost 983.541676
Pre-training layer 2, epoch 115, cost 983.277646
Pre-training layer 2, epoch 116, cost 983.074881
Pre-training layer 2, epoch 117, cost 982.874876
Pre-training layer 2, epoch 118, cost 982.656659
Pre-training layer 2, epoch 119, cost 982.418806
Pre-training layer 2, epoch 120, cost 982.237504
Pre-training layer 2, epoch 121, cost 982.059502
Pre-training layer 2, epoch 122, cost 981.843099
Pre-training layer 2, epoch 123, cost 981.615764
Pre-training layer 2, epoch 124, cost 981.447058
Pre-training layer 2, epoch 125, cost 981.226260
Pre-training layer 2, epoch 126, cost 981.024533
Pre-training layer 2, epoch 127, cost 980.812233
Pre-training layer 2, epoch 128, cost 980.665762
Pre-training layer 2, epoch 129, cost 980.458886
Pre-training layer 2, epoch 130, cost 980.287302
Pre-training layer 2, epoch 131, cost 980.141809
Pre-training layer 2, epoch 132, cost 979.928499
Pre-training layer 2, epoch 133, cost 979.768799
Pre-training layer 2, epoch 134, cost 979.569252
Pre-training layer 2, epoch 135, cost 979.415794
Pre-training layer 2, epoch 136, cost 979.216616
Pre-training layer 2, epoch 137, cost 979.096438
Pre-training layer 2, epoch 138, cost 978.924186
Pre-training layer 2, epoch 139, cost 978.771596
Pre-training layer 2, epoch 140, cost 978.518748
Pre-training layer 2, epoch 141, cost 978.398339
Pre-training layer 2, epoch 142, cost 978.236239
Pre-training layer 2, epoch 143, cost 978.077989
Pre-training layer 2, epoch 144, cost 977.941279
Pre-training layer 2, epoch 145, cost 977.786532
Pre-training layer 2, epoch 146, cost 977.604309
Pre-training layer 2, epoch 147, cost 977.461981
Pre-training layer 2, epoch 148, cost 977.309880
Pre-training layer 2, epoch 149, cost 977.159861
Pre-training layer 2, epoch 150, cost 977.061425
Pre-training layer 2, epoch 151, cost 976.927998
Pre-training layer 2, epoch 152, cost 976.787551
Pre-training layer 2, epoch 153, cost 976.614513
Pre-training layer 2, epoch 154, cost 976.508860
Pre-training layer 2, epoch 155, cost 976.308154
Pre-training layer 2, epoch 156, cost 976.259622
Pre-training layer 2, epoch 157, cost 976.061047
Pre-training layer 2, epoch 158, cost 975.937439
Pre-training layer 2, epoch 159, cost 975.824828
Pre-training layer 2, epoch 160, cost 975.674779
Pre-training layer 2, epoch 161, cost 975.523246
Pre-training layer 2, epoch 162, cost 975.400375
Pre-training layer 2, epoch 163, cost 975.272016
Pre-training layer 2, epoch 164, cost 975.162455
Pre-training layer 2, epoch 165, cost 975.000122
Pre-training layer 2, epoch 166, cost 974.913215
Pre-training layer 2, epoch 167, cost 974.830735
Pre-training layer 2, epoch 168, cost 974.661033
Pre-training layer 2, epoch 169, cost 974.544336
Pre-training layer 2, epoch 170, cost 974.454504
Pre-training layer 2, epoch 171, cost 974.275460
Pre-training layer 2, epoch 172, cost 974.224555
Pre-training layer 2, epoch 173, cost 974.068706
Pre-training layer 2, epoch 174, cost 974.000765
Pre-training layer 2, epoch 175, cost 973.804543
Pre-training layer 2, epoch 176, cost 973.789278
Pre-training layer 2, epoch 177, cost 973.640272
Pre-training layer 2, epoch 178, cost 973.508271
Pre-training layer 2, epoch 179, cost 973.416995
Pre-training layer 2, epoch 180, cost 973.286453
Pre-training layer 2, epoch 181, cost 973.229975
Pre-training layer 2, epoch 182, cost 973.114159
Pre-training layer 2, epoch 183, cost 973.012235
Pre-training layer 2, epoch 184, cost 972.914750
Pre-training layer 2, epoch 185, cost 972.794614
Pre-training layer 2, epoch 186, cost 972.662785
Pre-training layer 2, epoch 187, cost 972.575085
Pre-training layer 2, epoch 188, cost 972.510115
Pre-training layer 2, epoch 189, cost 972.393328
Pre-training layer 2, epoch 190, cost 972.302670
Pre-training layer 2, epoch 191, cost 972.207821
Pre-training layer 2, epoch 192, cost 972.073725
Pre-training layer 2, epoch 193, cost 971.969356
Pre-training layer 2, epoch 194, cost 971.981849
Pre-training layer 2, epoch 195, cost 971.820710
Pre-training layer 2, epoch 196, cost 971.727983
Pre-training layer 2, epoch 197, cost 971.619499
Pre-training layer 2, epoch 198, cost 971.571235
Pre-training layer 2, epoch 199, cost 971.489792
Pre-training layer 2, epoch 200, cost 971.366774
Pre-training layer 2, epoch 201, cost 971.290613
Pre-training layer 2, epoch 202, cost 971.253552
Pre-training layer 2, epoch 203, cost 971.079056
Pre-training layer 2, epoch 204, cost 971.002596
Pre-training layer 2, epoch 205, cost 970.980759
Pre-training layer 2, epoch 206, cost 970.859560
Pre-training layer 2, epoch 207, cost 970.711500
Pre-training layer 2, epoch 208, cost 970.689456
Pre-training layer 2, epoch 209, cost 970.606862
Pre-training layer 2, epoch 210, cost 970.526981
Pre-training layer 2, epoch 211, cost 970.422125
Pre-training layer 2, epoch 212, cost 970.385806
Pre-training layer 2, epoch 213, cost 970.288445
Pre-training layer 2, epoch 214, cost 970.155054
Pre-training layer 2, epoch 215, cost 970.131968
Pre-training layer 2, epoch 216, cost 970.070684
Pre-training layer 2, epoch 217, cost 969.966139
Pre-training layer 2, epoch 218, cost 969.897409
Pre-training layer 2, epoch 219, cost 969.853409
Pre-training layer 2, epoch 220, cost 969.746514
Pre-training layer 2, epoch 221, cost 969.681906
Pre-training layer 2, epoch 222, cost 969.569705
Pre-training layer 2, epoch 223, cost 969.453264
Pre-training layer 2, epoch 224, cost 969.428890
Pre-training layer 2, epoch 225, cost 969.332090
Pre-training layer 2, epoch 226, cost 969.253783
Pre-training layer 2, epoch 227, cost 969.265908
Pre-training layer 2, epoch 228, cost 969.112961
Pre-training layer 2, epoch 229, cost 969.100558
Pre-training layer 2, epoch 230, cost 968.985990
Pre-training layer 2, epoch 231, cost 968.899331
Pre-training layer 2, epoch 232, cost 968.856195
Pre-training layer 2, epoch 233, cost 968.761982
Pre-training layer 2, epoch 234, cost 968.733982
Pre-training layer 2, epoch 235, cost 968.663159
Pre-training layer 2, epoch 236, cost 968.591373
Pre-training layer 2, epoch 237, cost 968.503915
Pre-training layer 2, epoch 238, cost 968.455349
Pre-training layer 2, epoch 239, cost 968.399587
Pre-training layer 2, epoch 240, cost 968.364608
Pre-training layer 2, epoch 241, cost 968.250096
Pre-training layer 2, epoch 242, cost 968.184679
Pre-training layer 2, epoch 243, cost 968.081996
Pre-training layer 2, epoch 244, cost 968.046846
Pre-training layer 2, epoch 245, cost 967.993174
Pre-training layer 2, epoch 246, cost 967.951892
Pre-training layer 2, epoch 247, cost 967.768796
Pre-training layer 2, epoch 248, cost 967.785344
Pre-training layer 2, epoch 249, cost 967.788886
Pre-training layer 2, epoch 250, cost 967.674849
Pre-training layer 2, epoch 251, cost 967.631643
Pre-training layer 2, epoch 252, cost 967.548052
Pre-training layer 2, epoch 253, cost 967.544105
Pre-training layer 2, epoch 254, cost 967.468883
Pre-training layer 2, epoch 255, cost 967.367546
Pre-training layer 2, epoch 256, cost 967.298592
Pre-training layer 2, epoch 257, cost 967.318794
Pre-training layer 2, epoch 258, cost 967.222949
Pre-training layer 2, epoch 259, cost 967.163819
Pre-training layer 2, epoch 260, cost 967.060449
Pre-training layer 2, epoch 261, cost 967.034797
Pre-training layer 2, epoch 262, cost 966.954416
Pre-training layer 2, epoch 263, cost 966.953758
Pre-training layer 2, epoch 264, cost 966.898606
Pre-training layer 2, epoch 265, cost 966.832372
Pre-training layer 2, epoch 266, cost 966.750127
Pre-training layer 2, epoch 267, cost 966.656888
Pre-training layer 2, epoch 268, cost 966.651001
Pre-training layer 2, epoch 269, cost 966.621713
Pre-training layer 2, epoch 270, cost 966.584573
Pre-training layer 2, epoch 271, cost 966.511159
Pre-training layer 2, epoch 272, cost 966.403828
Pre-training layer 2, epoch 273, cost 966.379987
Pre-training layer 2, epoch 274, cost 966.279072
Pre-training layer 2, epoch 275, cost 966.217062
Pre-training layer 2, epoch 276, cost 966.217073
Pre-training layer 2, epoch 277, cost 966.167992
Pre-training layer 2, epoch 278, cost 966.121126
Pre-training layer 2, epoch 279, cost 966.060116
Pre-training layer 2, epoch 280, cost 966.033085
Pre-training layer 2, epoch 281, cost 966.034831
Pre-training layer 2, epoch 282, cost 965.900651
Pre-training layer 2, epoch 283, cost 965.903872
Pre-training layer 2, epoch 284, cost 965.825970
Pre-training layer 2, epoch 285, cost 965.753689
Pre-training layer 2, epoch 286, cost 965.721349
Pre-training layer 2, epoch 287, cost 965.698645
Pre-training layer 2, epoch 288, cost 965.634565
Pre-training layer 2, epoch 289, cost 965.570299
Pre-training layer 2, epoch 290, cost 965.500765
Pre-training layer 2, epoch 291, cost 965.544417
Pre-training layer 2, epoch 292, cost 965.441184
Pre-training layer 2, epoch 293, cost 965.412221
Pre-training layer 2, epoch 294, cost 965.375288
Pre-training layer 2, epoch 295, cost 965.280026
Pre-training layer 2, epoch 296, cost 965.257372
Pre-training layer 2, epoch 297, cost 965.181136
Pre-training layer 2, epoch 298, cost 965.156123
Pre-training layer 2, epoch 299, cost 965.153010
Pre-training layer 3, epoch 0, cost 1132.680301
Pre-training layer 3, epoch 1, cost 1047.359055
Pre-training layer 3, epoch 2, cost 1023.128774
Pre-training layer 3, epoch 3, cost 1008.925605
Pre-training layer 3, epoch 4, cost 999.059066
Pre-training layer 3, epoch 5, cost 991.497806
Pre-training layer 3, epoch 6, cost 985.455844
Pre-training layer 3, epoch 7, cost 980.354963
Pre-training layer 3, epoch 8, cost 976.048653
Pre-training layer 3, epoch 9, cost 972.314646
Pre-training layer 3, epoch 10, cost 968.995278
Pre-training layer 3, epoch 11, cost 966.016982
Pre-training layer 3, epoch 12, cost 963.374364
Pre-training layer 3, epoch 13, cost 960.938470
Pre-training layer 3, epoch 14, cost 958.684224
Pre-training layer 3, epoch 15, cost 956.676406
Pre-training layer 3, epoch 16, cost 954.809877
Pre-training layer 3, epoch 17, cost 953.034827
Pre-training layer 3, epoch 18, cost 951.363710
Pre-training layer 3, epoch 19, cost 949.859209
Pre-training layer 3, epoch 20, cost 948.414253
Pre-training layer 3, epoch 21, cost 947.053147
Pre-training layer 3, epoch 22, cost 945.801847
Pre-training layer 3, epoch 23, cost 944.560372
Pre-training layer 3, epoch 24, cost 943.395101
Pre-training layer 3, epoch 25, cost 942.287677
Pre-training layer 3, epoch 26, cost 941.259555
Pre-training layer 3, epoch 27, cost 940.280547
Pre-training layer 3, epoch 28, cost 939.313630
Pre-training layer 3, epoch 29, cost 938.402586
Pre-training layer 3, epoch 30, cost 937.490940
Pre-training layer 3, epoch 31, cost 936.689131
Pre-training layer 3, epoch 32, cost 935.855444
Pre-training layer 3, epoch 33, cost 935.107626
Pre-training layer 3, epoch 34, cost 934.369714
Pre-training layer 3, epoch 35, cost 933.657729
Pre-training layer 3, epoch 36, cost 932.931373
Pre-training layer 3, epoch 37, cost 932.267202
Pre-training layer 3, epoch 38, cost 931.602874
Pre-training layer 3, epoch 39, cost 931.005591
Pre-training layer 3, epoch 40, cost 930.362707
Pre-training layer 3, epoch 41, cost 929.791873
Pre-training layer 3, epoch 42, cost 929.226158
Pre-training layer 3, epoch 43, cost 928.681822
Pre-training layer 3, epoch 44, cost 928.097649
Pre-training layer 3, epoch 45, cost 927.533275
Pre-training layer 3, epoch 46, cost 927.110672
Pre-training layer 3, epoch 47, cost 926.617797
Pre-training layer 3, epoch 48, cost 926.063376
Pre-training layer 3, epoch 49, cost 925.628450
Pre-training layer 3, epoch 50, cost 925.175658
Pre-training layer 3, epoch 51, cost 924.724628
Pre-training layer 3, epoch 52, cost 924.253459
Pre-training layer 3, epoch 53, cost 923.898572
Pre-training layer 3, epoch 54, cost 923.421076
Pre-training layer 3, epoch 55, cost 923.043026
Pre-training layer 3, epoch 56, cost 922.709370
Pre-training layer 3, epoch 57, cost 922.295373
Pre-training layer 3, epoch 58, cost 921.916404
Pre-training layer 3, epoch 59, cost 921.518762
Pre-training layer 3, epoch 60, cost 921.175387
Pre-training layer 3, epoch 61, cost 920.834600
Pre-training layer 3, epoch 62, cost 920.504209
Pre-training layer 3, epoch 63, cost 920.151519
Pre-training layer 3, epoch 64, cost 919.836970
Pre-training layer 3, epoch 65, cost 919.491899
Pre-training layer 3, epoch 66, cost 919.194730
Pre-training layer 3, epoch 67, cost 918.865900
Pre-training layer 3, epoch 68, cost 918.560701
Pre-training layer 3, epoch 69, cost 918.293869
Pre-training layer 3, epoch 70, cost 917.964814
Pre-training layer 3, epoch 71, cost 917.674146
Pre-training layer 3, epoch 72, cost 917.410189
Pre-training layer 3, epoch 73, cost 917.144168
Pre-training layer 3, epoch 74, cost 916.849106
Pre-training layer 3, epoch 75, cost 916.564555
Pre-training layer 3, epoch 76, cost 916.314517
Pre-training layer 3, epoch 77, cost 916.055646
Pre-training layer 3, epoch 78, cost 915.812804
Pre-training layer 3, epoch 79, cost 915.567958
Pre-training layer 3, epoch 80, cost 915.314610
Pre-training layer 3, epoch 81, cost 915.105424
Pre-training layer 3, epoch 82, cost 914.833059
Pre-training layer 3, epoch 83, cost 914.615863
Pre-training layer 3, epoch 84, cost 914.399177
Pre-training layer 3, epoch 85, cost 914.138733
Pre-training layer 3, epoch 86, cost 913.886265
Pre-training layer 3, epoch 87, cost 913.755499
Pre-training layer 3, epoch 88, cost 913.462836
Pre-training layer 3, epoch 89, cost 913.284121
Pre-training layer 3, epoch 90, cost 913.039260
Pre-training layer 3, epoch 91, cost 912.869874
Pre-training layer 3, epoch 92, cost 912.667467
Pre-training layer 3, epoch 93, cost 912.442199
Pre-training layer 3, epoch 94, cost 912.225188
Pre-training layer 3, epoch 95, cost 912.059457
Pre-training layer 3, epoch 96, cost 911.879943
Pre-training layer 3, epoch 97, cost 911.679515
Pre-training layer 3, epoch 98, cost 911.482619
Pre-training layer 3, epoch 99, cost 911.312369
Pre-training layer 3, epoch 100, cost 911.121206
Pre-training layer 3, epoch 101, cost 910.892861
Pre-training layer 3, epoch 102, cost 910.784695
Pre-training layer 3, epoch 103, cost 910.597077
Pre-training layer 3, epoch 104, cost 910.420365
Pre-training layer 3, epoch 105, cost 910.219511
Pre-training layer 3, epoch 106, cost 910.062692
Pre-training layer 3, epoch 107, cost 909.889306
Pre-training layer 3, epoch 108, cost 909.731891
Pre-training layer 3, epoch 109, cost 909.565421
Pre-training layer 3, epoch 110, cost 909.394382
Pre-training layer 3, epoch 111, cost 909.235566
Pre-training layer 3, epoch 112, cost 909.091745
Pre-training layer 3, epoch 113, cost 908.973174
Pre-training layer 3, epoch 114, cost 908.787082
Pre-training layer 3, epoch 115, cost 908.627569
Pre-training layer 3, epoch 116, cost 908.496658
Pre-training layer 3, epoch 117, cost 908.344301
Pre-training layer 3, epoch 118, cost 908.203020
Pre-training layer 3, epoch 119, cost 908.059623
Pre-training layer 3, epoch 120, cost 907.907187
Pre-training layer 3, epoch 121, cost 907.737156
Pre-training layer 3, epoch 122, cost 907.600363
Pre-training layer 3, epoch 123, cost 907.497523
Pre-training layer 3, epoch 124, cost 907.375889
Pre-training layer 3, epoch 125, cost 907.221038
Pre-training layer 3, epoch 126, cost 907.040326
Pre-training layer 3, epoch 127, cost 906.943245
Pre-training layer 3, epoch 128, cost 906.823989
Pre-training layer 3, epoch 129, cost 906.682346
Pre-training layer 3, epoch 130, cost 906.556504
Pre-training layer 3, epoch 131, cost 906.382774
Pre-training layer 3, epoch 132, cost 906.287836
Pre-training layer 3, epoch 133, cost 906.187969
Pre-training layer 3, epoch 134, cost 906.046107
Pre-training layer 3, epoch 135, cost 905.944321
Pre-training layer 3, epoch 136, cost 905.810131
Pre-training layer 3, epoch 137, cost 905.709475
Pre-training layer 3, epoch 138, cost 905.572426
Pre-training layer 3, epoch 139, cost 905.445723
Pre-training layer 3, epoch 140, cost 905.373622
Pre-training layer 3, epoch 141, cost 905.242234
Pre-training layer 3, epoch 142, cost 905.104037
Pre-training layer 3, epoch 143, cost 905.014604
Pre-training layer 3, epoch 144, cost 904.923011
Pre-training layer 3, epoch 145, cost 904.793225
Pre-training layer 3, epoch 146, cost 904.694250
Pre-training layer 3, epoch 147, cost 904.562876
Pre-training layer 3, epoch 148, cost 904.443625
Pre-training layer 3, epoch 149, cost 904.346691
Pre-training layer 3, epoch 150, cost 904.260151
Pre-training layer 3, epoch 151, cost 904.120166
Pre-training layer 3, epoch 152, cost 904.014637
Pre-training layer 3, epoch 153, cost 903.979400
Pre-training layer 3, epoch 154, cost 903.806784
Pre-training layer 3, epoch 155, cost 903.765004
Pre-training layer 3, epoch 156, cost 903.630266
Pre-training layer 3, epoch 157, cost 903.539646
Pre-training layer 3, epoch 158, cost 903.471141
Pre-training layer 3, epoch 159, cost 903.323643
Pre-training layer 3, epoch 160, cost 903.228336
Pre-training layer 3, epoch 161, cost 903.170450
Pre-training layer 3, epoch 162, cost 903.051722
Pre-training layer 3, epoch 163, cost 903.005682
Pre-training layer 3, epoch 164, cost 902.865721
Pre-training layer 3, epoch 165, cost 902.777395
Pre-training layer 3, epoch 166, cost 902.662724
Pre-training layer 3, epoch 167, cost 902.619372
Pre-training layer 3, epoch 168, cost 902.520131
Pre-training layer 3, epoch 169, cost 902.407184
Pre-training layer 3, epoch 170, cost 902.321749
Pre-training layer 3, epoch 171, cost 902.233307
Pre-training layer 3, epoch 172, cost 902.167306
Pre-training layer 3, epoch 173, cost 902.072659
Pre-training layer 3, epoch 174, cost 901.981405
Pre-training layer 3, epoch 175, cost 901.908863
Pre-training layer 3, epoch 176, cost 901.821044
Pre-training layer 3, epoch 177, cost 901.712545
Pre-training layer 3, epoch 178, cost 901.678499
Pre-training layer 3, epoch 179, cost 901.604018
Pre-training layer 3, epoch 180, cost 901.484225
Pre-training layer 3, epoch 181, cost 901.409013
Pre-training layer 3, epoch 182, cost 901.335504
Pre-training layer 3, epoch 183, cost 901.234526
Pre-training layer 3, epoch 184, cost 901.181688
Pre-training layer 3, epoch 185, cost 901.089601
Pre-training layer 3, epoch 186, cost 901.059993
Pre-training layer 3, epoch 187, cost 900.987466
Pre-training layer 3, epoch 188, cost 900.833233
Pre-training layer 3, epoch 189, cost 900.815857
Pre-training layer 3, epoch 190, cost 900.733917
Pre-training layer 3, epoch 191, cost 900.626393
Pre-training layer 3, epoch 192, cost 900.584941
Pre-training layer 3, epoch 193, cost 900.490288
Pre-training layer 3, epoch 194, cost 900.411312
Pre-training layer 3, epoch 195, cost 900.330301
Pre-training layer 3, epoch 196, cost 900.282682
Pre-training layer 3, epoch 197, cost 900.266825
Pre-training layer 3, epoch 198, cost 900.122035
Pre-training layer 3, epoch 199, cost 900.100150
Pre-training layer 3, epoch 200, cost 900.001436
Pre-training layer 3, epoch 201, cost 899.908829
Pre-training layer 3, epoch 202, cost 899.894087
Pre-training layer 3, epoch 203, cost 899.778134
Pre-training layer 3, epoch 204, cost 899.713379
Pre-training layer 3, epoch 205, cost 899.666561
Pre-training layer 3, epoch 206, cost 899.633328
Pre-training layer 3, epoch 207, cost 899.517643
Pre-training layer 3, epoch 208, cost 899.474332
Pre-training layer 3, epoch 209, cost 899.406739
Pre-training layer 3, epoch 210, cost 899.357813
Pre-training layer 3, epoch 211, cost 899.292024
Pre-training layer 3, epoch 212, cost 899.236291
Pre-training layer 3, epoch 213, cost 899.147256
Pre-training layer 3, epoch 214, cost 899.077465
Pre-training layer 3, epoch 215, cost 898.996443
Pre-training layer 3, epoch 216, cost 898.946902
Pre-training layer 3, epoch 217, cost 898.906427
Pre-training layer 3, epoch 218, cost 898.839753
Pre-training layer 3, epoch 219, cost 898.786569
Pre-training layer 3, epoch 220, cost 898.699850
Pre-training layer 3, epoch 221, cost 898.648961
Pre-training layer 3, epoch 222, cost 898.652883
Pre-training layer 3, epoch 223, cost 898.530368
Pre-training layer 3, epoch 224, cost 898.487108
Pre-training layer 3, epoch 225, cost 898.411122
Pre-training layer 3, epoch 226, cost 898.383639
Pre-training layer 3, epoch 227, cost 898.299319
Pre-training layer 3, epoch 228, cost 898.245271
Pre-training layer 3, epoch 229, cost 898.220572
Pre-training layer 3, epoch 230, cost 898.147421
Pre-training layer 3, epoch 231, cost 898.097083
Pre-training layer 3, epoch 232, cost 898.012855
Pre-training layer 3, epoch 233, cost 897.970931
Pre-training layer 3, epoch 234, cost 897.936568
Pre-training layer 3, epoch 235, cost 897.830088
Pre-training layer 3, epoch 236, cost 897.817795
Pre-training layer 3, epoch 237, cost 897.755961
Pre-training layer 3, epoch 238, cost 897.708652
Pre-training layer 3, epoch 239, cost 897.668804
Pre-training layer 3, epoch 240, cost 897.588814
Pre-training layer 3, epoch 241, cost 897.532610
Pre-training layer 3, epoch 242, cost 897.527893
Pre-training layer 3, epoch 243, cost 897.479442
Pre-training layer 3, epoch 244, cost 897.398904
Pre-training layer 3, epoch 245, cost 897.388628
Pre-training layer 3, epoch 246, cost 897.285653
Pre-training layer 3, epoch 247, cost 897.240111
Pre-training layer 3, epoch 248, cost 897.209881
Pre-training layer 3, epoch 249, cost 897.140397
Pre-training layer 3, epoch 250, cost 897.119239
Pre-training layer 3, epoch 251, cost 897.052946
Pre-training layer 3, epoch 252, cost 896.970563
Pre-training layer 3, epoch 253, cost 896.934789
Pre-training layer 3, epoch 254, cost 896.859125
Pre-training layer 3, epoch 255, cost 896.854816
Pre-training layer 3, epoch 256, cost 896.800727
Pre-training layer 3, epoch 257, cost 896.764015
Pre-training layer 3, epoch 258, cost 896.708821
Pre-training layer 3, epoch 259, cost 896.660452
Pre-training layer 3, epoch 260, cost 896.592315
Pre-training layer 3, epoch 261, cost 896.584117
Pre-training layer 3, epoch 262, cost 896.490259
Pre-training layer 3, epoch 263, cost 896.467005
Pre-training layer 3, epoch 264, cost 896.411571
Pre-training layer 3, epoch 265, cost 896.403649
Pre-training layer 3, epoch 266, cost 896.372113
Pre-training layer 3, epoch 267, cost 896.254347
Pre-training layer 3, epoch 268, cost 896.264865
Pre-training layer 3, epoch 269, cost 896.249420
Pre-training layer 3, epoch 270, cost 896.172919
Pre-training layer 3, epoch 271, cost 896.110470
Pre-training layer 3, epoch 272, cost 896.095825
Pre-training layer 3, epoch 273, cost 896.037254
Pre-training layer 3, epoch 274, cost 895.950309
Pre-training layer 3, epoch 275, cost 895.939266
Pre-training layer 3, epoch 276, cost 895.874128
Pre-training layer 3, epoch 277, cost 895.859603
Pre-training layer 3, epoch 278, cost 895.823568
Pre-training layer 3, epoch 279, cost 895.766011
Pre-training layer 3, epoch 280, cost 895.763208
Pre-training layer 3, epoch 281, cost 895.694296
Pre-training layer 3, epoch 282, cost 895.645218
Pre-training layer 3, epoch 283, cost 895.613233
Pre-training layer 3, epoch 284, cost 895.592119
Pre-training layer 3, epoch 285, cost 895.512628
Pre-training layer 3, epoch 286, cost 895.496416
Pre-training layer 3, epoch 287, cost 895.439655
Pre-training layer 3, epoch 288, cost 895.397643
Pre-training layer 3, epoch 289, cost 895.330281
Pre-training layer 3, epoch 290, cost 895.318564
Pre-training layer 3, epoch 291, cost 895.266015
Pre-training layer 3, epoch 292, cost 895.245622
Pre-training layer 3, epoch 293, cost 895.197525
Pre-training layer 3, epoch 294, cost 895.174782
Pre-training layer 3, epoch 295, cost 895.125815
Pre-training layer 3, epoch 296, cost 895.086215
Pre-training layer 3, epoch 297, cost 895.057501
Pre-training layer 3, epoch 298, cost 895.015693
Pre-training layer 3, epoch 299, cost 894.981535
Pre-training layer 4, epoch 0, cost 552.782124
Pre-training layer 4, epoch 1, cost 499.554982
Pre-training layer 4, epoch 2, cost 482.290530
Pre-training layer 4, epoch 3, cost 472.274720
Pre-training layer 4, epoch 4, cost 465.362089
Pre-training layer 4, epoch 5, cost 460.211843
Pre-training layer 4, epoch 6, cost 456.094260
Pre-training layer 4, epoch 7, cost 452.743488
Pre-training layer 4, epoch 8, cost 449.925751
Pre-training layer 4, epoch 9, cost 447.499153
Pre-training layer 4, epoch 10, cost 445.386506
Pre-training layer 4, epoch 11, cost 443.526720
Pre-training layer 4, epoch 12, cost 441.846595
Pre-training layer 4, epoch 13, cost 440.349751
Pre-training layer 4, epoch 14, cost 439.004780
Pre-training layer 4, epoch 15, cost 437.758754
Pre-training layer 4, epoch 16, cost 436.616656
Pre-training layer 4, epoch 17, cost 435.591957
Pre-training layer 4, epoch 18, cost 434.597977
Pre-training layer 4, epoch 19, cost 433.690749
Pre-training layer 4, epoch 20, cost 432.836900
Pre-training layer 4, epoch 21, cost 432.056995
Pre-training layer 4, epoch 22, cost 431.317825
Pre-training layer 4, epoch 23, cost 430.603475
Pre-training layer 4, epoch 24, cost 429.937825
Pre-training layer 4, epoch 25, cost 429.326073
Pre-training layer 4, epoch 26, cost 428.713162
Pre-training layer 4, epoch 27, cost 428.158094
Pre-training layer 4, epoch 28, cost 427.642793
Pre-training layer 4, epoch 29, cost 427.116974
Pre-training layer 4, epoch 30, cost 426.638740
Pre-training layer 4, epoch 31, cost 426.170507
Pre-training layer 4, epoch 32, cost 425.719166
Pre-training layer 4, epoch 33, cost 425.287126
Pre-training layer 4, epoch 34, cost 424.876701
Pre-training layer 4, epoch 35, cost 424.479655
Pre-training layer 4, epoch 36, cost 424.113035
Pre-training layer 4, epoch 37, cost 423.762433
Pre-training layer 4, epoch 38, cost 423.396434
Pre-training layer 4, epoch 39, cost 423.076025
Pre-training layer 4, epoch 40, cost 422.741004
Pre-training layer 4, epoch 41, cost 422.419504
Pre-training layer 4, epoch 42, cost 422.106540
Pre-training layer 4, epoch 43, cost 421.824540
Pre-training layer 4, epoch 44, cost 421.549302
Pre-training layer 4, epoch 45, cost 421.267239
Pre-training layer 4, epoch 46, cost 420.975746
Pre-training layer 4, epoch 47, cost 420.717827
Pre-training layer 4, epoch 48, cost 420.480401
Pre-training layer 4, epoch 49, cost 420.229977
Pre-training layer 4, epoch 50, cost 419.996077
Pre-training layer 4, epoch 51, cost 419.775085
Pre-training layer 4, epoch 52, cost 419.537115
Pre-training layer 4, epoch 53, cost 419.310961
Pre-training layer 4, epoch 54, cost 419.094425
Pre-training layer 4, epoch 55, cost 418.891098
Pre-training layer 4, epoch 56, cost 418.686279
Pre-training layer 4, epoch 57, cost 418.496960
Pre-training layer 4, epoch 58, cost 418.302432
Pre-training layer 4, epoch 59, cost 418.097854
Pre-training layer 4, epoch 60, cost 417.912681
Pre-training layer 4, epoch 61, cost 417.755447
Pre-training layer 4, epoch 62, cost 417.547790
Pre-training layer 4, epoch 63, cost 417.381728
Pre-training layer 4, epoch 64, cost 417.206740
Pre-training layer 4, epoch 65, cost 417.050006
Pre-training layer 4, epoch 66, cost 416.873859
Pre-training layer 4, epoch 67, cost 416.733109
Pre-training layer 4, epoch 68, cost 416.584585
Pre-training layer 4, epoch 69, cost 416.420878
Pre-training layer 4, epoch 70, cost 416.247620
Pre-training layer 4, epoch 71, cost 416.110689
Pre-training layer 4, epoch 72, cost 415.963000
Pre-training layer 4, epoch 73, cost 415.816366
Pre-training layer 4, epoch 74, cost 415.689392
Pre-training layer 4, epoch 75, cost 415.536387
Pre-training layer 4, epoch 76, cost 415.413168
Pre-training layer 4, epoch 77, cost 415.258226
Pre-training layer 4, epoch 78, cost 415.177034
Pre-training layer 4, epoch 79, cost 415.028974
Pre-training layer 4, epoch 80, cost 414.912873
Pre-training layer 4, epoch 81, cost 414.776411
Pre-training layer 4, epoch 82, cost 414.660014
Pre-training layer 4, epoch 83, cost 414.549073
Pre-training layer 4, epoch 84, cost 414.433965
Pre-training layer 4, epoch 85, cost 414.292887
Pre-training layer 4, epoch 86, cost 414.174422
Pre-training layer 4, epoch 87, cost 414.087348
Pre-training layer 4, epoch 88, cost 413.970208
Pre-training layer 4, epoch 89, cost 413.862496
Pre-training layer 4, epoch 90, cost 413.759594
Pre-training layer 4, epoch 91, cost 413.631770
Pre-training layer 4, epoch 92, cost 413.539191
Pre-training layer 4, epoch 93, cost 413.432833
Pre-training layer 4, epoch 94, cost 413.340314
Pre-training layer 4, epoch 95, cost 413.221641
Pre-training layer 4, epoch 96, cost 413.124973
Pre-training layer 4, epoch 97, cost 413.037452
Pre-training layer 4, epoch 98, cost 412.948434
Pre-training layer 4, epoch 99, cost 412.836775
Pre-training layer 4, epoch 100, cost 412.748137
Pre-training layer 4, epoch 101, cost 412.640601
Pre-training layer 4, epoch 102, cost 412.588056
Pre-training layer 4, epoch 103, cost 412.468570
Pre-training layer 4, epoch 104, cost 412.390058
Pre-training layer 4, epoch 105, cost 412.292864
Pre-training layer 4, epoch 106, cost 412.199218
Pre-training layer 4, epoch 107, cost 412.116365
Pre-training layer 4, epoch 108, cost 412.065052
Pre-training layer 4, epoch 109, cost 411.946463
Pre-training layer 4, epoch 110, cost 411.863270
Pre-training layer 4, epoch 111, cost 411.779243
Pre-training layer 4, epoch 112, cost 411.732612
Pre-training layer 4, epoch 113, cost 411.627121
Pre-training layer 4, epoch 114, cost 411.560924
Pre-training layer 4, epoch 115, cost 411.465327
Pre-training layer 4, epoch 116, cost 411.379304
Pre-training layer 4, epoch 117, cost 411.309708
Pre-training layer 4, epoch 118, cost 411.216242
Pre-training layer 4, epoch 119, cost 411.167174
Pre-training layer 4, epoch 120, cost 411.107897
Pre-training layer 4, epoch 121, cost 411.010796
Pre-training layer 4, epoch 122, cost 410.959271
Pre-training layer 4, epoch 123, cost 410.868829
Pre-training layer 4, epoch 124, cost 410.796251
Pre-training layer 4, epoch 125, cost 410.736009
Pre-training layer 4, epoch 126, cost 410.655631
Pre-training layer 4, epoch 127, cost 410.589041
Pre-training layer 4, epoch 128, cost 410.527193
Pre-training layer 4, epoch 129, cost 410.437892
Pre-training layer 4, epoch 130, cost 410.386228
Pre-training layer 4, epoch 131, cost 410.315264
Pre-training layer 4, epoch 132, cost 410.243834
Pre-training layer 4, epoch 133, cost 410.174256
Pre-training layer 4, epoch 134, cost 410.116380
Pre-training layer 4, epoch 135, cost 410.058454
Pre-training layer 4, epoch 136, cost 409.984759
Pre-training layer 4, epoch 137, cost 409.905767
Pre-training layer 4, epoch 138, cost 409.866656
Pre-training layer 4, epoch 139, cost 409.787506
Pre-training layer 4, epoch 140, cost 409.722328
Pre-training layer 4, epoch 141, cost 409.673813
Pre-training layer 4, epoch 142, cost 409.603737
Pre-training layer 4, epoch 143, cost 409.554278
Pre-training layer 4, epoch 144, cost 409.522525
Pre-training layer 4, epoch 145, cost 409.439122
Pre-training layer 4, epoch 146, cost 409.385128
Pre-training layer 4, epoch 147, cost 409.309613
Pre-training layer 4, epoch 148, cost 409.256905
Pre-training layer 4, epoch 149, cost 409.208102
Pre-training layer 4, epoch 150, cost 409.148339
Pre-training layer 4, epoch 151, cost 409.084166
Pre-training layer 4, epoch 152, cost 409.046106
Pre-training layer 4, epoch 153, cost 408.976399
Pre-training layer 4, epoch 154, cost 408.905038
Pre-training layer 4, epoch 155, cost 408.856899
Pre-training layer 4, epoch 156, cost 408.818228
Pre-training layer 4, epoch 157, cost 408.757951
Pre-training layer 4, epoch 158, cost 408.693264
Pre-training layer 4, epoch 159, cost 408.623759
Pre-training layer 4, epoch 160, cost 408.589088
Pre-training layer 4, epoch 161, cost 408.549752
Pre-training layer 4, epoch 162, cost 408.478956
Pre-training layer 4, epoch 163, cost 408.450270
Pre-training layer 4, epoch 164, cost 408.399160
Pre-training layer 4, epoch 165, cost 408.324599
Pre-training layer 4, epoch 166, cost 408.310079
Pre-training layer 4, epoch 167, cost 408.242436
Pre-training layer 4, epoch 168, cost 408.185146
Pre-training layer 4, epoch 169, cost 408.117322
Pre-training layer 4, epoch 170, cost 408.093851
Pre-training layer 4, epoch 171, cost 408.030266
Pre-training layer 4, epoch 172, cost 407.985158
Pre-training layer 4, epoch 173, cost 407.918349
Pre-training layer 4, epoch 174, cost 407.883593
Pre-training layer 4, epoch 175, cost 407.853728
Pre-training layer 4, epoch 176, cost 407.779042
Pre-training layer 4, epoch 177, cost 407.719859
Pre-training layer 4, epoch 178, cost 407.681609
Pre-training layer 4, epoch 179, cost 407.654653
Pre-training layer 4, epoch 180, cost 407.570856
Pre-training layer 4, epoch 181, cost 407.550041
Pre-training layer 4, epoch 182, cost 407.515131
Pre-training layer 4, epoch 183, cost 407.473754
Pre-training layer 4, epoch 184, cost 407.430497
Pre-training layer 4, epoch 185, cost 407.373573
Pre-training layer 4, epoch 186, cost 407.335490
Pre-training layer 4, epoch 187, cost 407.274652
Pre-training layer 4, epoch 188, cost 407.238468
Pre-training layer 4, epoch 189, cost 407.189086
Pre-training layer 4, epoch 190, cost 407.155252
Pre-training layer 4, epoch 191, cost 407.104458
Pre-training layer 4, epoch 192, cost 407.077513
Pre-training layer 4, epoch 193, cost 407.010973
Pre-training layer 4, epoch 194, cost 406.967585
Pre-training layer 4, epoch 195, cost 406.961190
Pre-training layer 4, epoch 196, cost 406.885092
Pre-training layer 4, epoch 197, cost 406.832510
Pre-training layer 4, epoch 198, cost 406.821710
Pre-training layer 4, epoch 199, cost 406.760682
Pre-training layer 4, epoch 200, cost 406.723690
Pre-training layer 4, epoch 201, cost 406.685213
Pre-training layer 4, epoch 202, cost 406.649164
Pre-training layer 4, epoch 203, cost 406.608831
Pre-training layer 4, epoch 204, cost 406.557945
Pre-training layer 4, epoch 205, cost 406.507604
Pre-training layer 4, epoch 206, cost 406.485004
Pre-training layer 4, epoch 207, cost 406.449901
Pre-training layer 4, epoch 208, cost 406.376261
Pre-training layer 4, epoch 209, cost 406.366151
Pre-training layer 4, epoch 210, cost 406.325902
Pre-training layer 4, epoch 211, cost 406.280116
Pre-training layer 4, epoch 212, cost 406.264961
Pre-training layer 4, epoch 213, cost 406.196351
Pre-training layer 4, epoch 214, cost 406.174675
Pre-training layer 4, epoch 215, cost 406.110718
Pre-training layer 4, epoch 216, cost 406.102037
Pre-training layer 4, epoch 217, cost 406.046684
Pre-training layer 4, epoch 218, cost 406.010760
Pre-training layer 4, epoch 219, cost 405.978475
Pre-training layer 4, epoch 220, cost 405.940103
Pre-training layer 4, epoch 221, cost 405.900638
Pre-training layer 4, epoch 222, cost 405.876611
Pre-training layer 4, epoch 223, cost 405.835201
Pre-training layer 4, epoch 224, cost 405.793937
Pre-training layer 4, epoch 225, cost 405.775437
Pre-training layer 4, epoch 226, cost 405.716906
Pre-training layer 4, epoch 227, cost 405.675243
Pre-training layer 4, epoch 228, cost 405.648487
Pre-training layer 4, epoch 229, cost 405.641675
Pre-training layer 4, epoch 230, cost 405.602537
Pre-training layer 4, epoch 231, cost 405.533324
Pre-training layer 4, epoch 232, cost 405.506693
Pre-training layer 4, epoch 233, cost 405.477660
Pre-training layer 4, epoch 234, cost 405.409991
Pre-training layer 4, epoch 235, cost 405.415971
Pre-training layer 4, epoch 236, cost 405.360503
Pre-training layer 4, epoch 237, cost 405.323145
Pre-training layer 4, epoch 238, cost 405.313079
Pre-training layer 4, epoch 239, cost 405.274453
Pre-training layer 4, epoch 240, cost 405.206644
Pre-training layer 4, epoch 241, cost 405.184554
Pre-training layer 4, epoch 242, cost 405.142781
Pre-training layer 4, epoch 243, cost 405.137311
Pre-training layer 4, epoch 244, cost 405.084468
Pre-training layer 4, epoch 245, cost 405.073578
Pre-training layer 4, epoch 246, cost 405.038456
Pre-training layer 4, epoch 247, cost 404.998603
Pre-training layer 4, epoch 248, cost 404.942408
Pre-training layer 4, epoch 249, cost 404.922342
Pre-training layer 4, epoch 250, cost 404.907989
Pre-training layer 4, epoch 251, cost 404.872449
Pre-training layer 4, epoch 252, cost 404.856009
Pre-training layer 4, epoch 253, cost 404.812267
Pre-training layer 4, epoch 254, cost 404.771440
Pre-training layer 4, epoch 255, cost 404.733736
Pre-training layer 4, epoch 256, cost 404.697148
Pre-training layer 4, epoch 257, cost 404.693669
Pre-training layer 4, epoch 258, cost 404.685076
Pre-training layer 4, epoch 259, cost 404.625206
Pre-training layer 4, epoch 260, cost 404.590151
Pre-training layer 4, epoch 261, cost 404.550735
Pre-training layer 4, epoch 262, cost 404.551949
Pre-training layer 4, epoch 263, cost 404.518821
Pre-training layer 4, epoch 264, cost 404.482512
Pre-training layer 4, epoch 265, cost 404.449214
Pre-training layer 4, epoch 266, cost 404.418060
Pre-training layer 4, epoch 267, cost 404.392760
Pre-training layer 4, epoch 268, cost 404.343257
Pre-training layer 4, epoch 269, cost 404.316903
Pre-training layer 4, epoch 270, cost 404.291926
Pre-training layer 4, epoch 271, cost 404.276495
Pre-training layer 4, epoch 272, cost 404.258712
Pre-training layer 4, epoch 273, cost 404.205500
Pre-training layer 4, epoch 274, cost 404.169545
Pre-training layer 4, epoch 275, cost 404.151505
Pre-training layer 4, epoch 276, cost 404.126222
Pre-training layer 4, epoch 277, cost 404.082214
Pre-training layer 4, epoch 278, cost 404.035844
Pre-training layer 4, epoch 279, cost 404.045965
Pre-training layer 4, epoch 280, cost 404.019262
Pre-training layer 4, epoch 281, cost 403.981048
Pre-training layer 4, epoch 282, cost 403.968011
Pre-training layer 4, epoch 283, cost 403.921252
Pre-training layer 4, epoch 284, cost 403.867951
Pre-training layer 4, epoch 285, cost 403.848031
Pre-training layer 4, epoch 286, cost 403.831836
Pre-training layer 4, epoch 287, cost 403.780502
Pre-training layer 4, epoch 288, cost 403.787508
Pre-training layer 4, epoch 289, cost 403.759793
Pre-training layer 4, epoch 290, cost 403.747357
Pre-training layer 4, epoch 291, cost 403.699782
Pre-training layer 4, epoch 292, cost 403.703237
Pre-training layer 4, epoch 293, cost 403.640676
Pre-training layer 4, epoch 294, cost 403.633683
Pre-training layer 4, epoch 295, cost 403.576554
Pre-training layer 4, epoch 296, cost 403.558008
Pre-training layer 4, epoch 297, cost 403.560648
Pre-training layer 4, epoch 298, cost 403.559569
Pre-training layer 4, epoch 299, cost 403.511811
Pre-training layer 5, epoch 0, cost 282.750393
Pre-training layer 5, epoch 1, cost 253.804758
Pre-training layer 5, epoch 2, cost 241.878259
Pre-training layer 5, epoch 3, cost 234.841245
Pre-training layer 5, epoch 4, cost 230.111778
Pre-training layer 5, epoch 5, cost 226.629966
Pre-training layer 5, epoch 6, cost 223.920634
Pre-training layer 5, epoch 7, cost 221.715741
Pre-training layer 5, epoch 8, cost 219.870957
Pre-training layer 5, epoch 9, cost 218.294402
Pre-training layer 5, epoch 10, cost 216.921848
Pre-training layer 5, epoch 11, cost 215.712519
Pre-training layer 5, epoch 12, cost 214.651156
Pre-training layer 5, epoch 13, cost 213.690855
Pre-training layer 5, epoch 14, cost 212.827324
Pre-training layer 5, epoch 15, cost 212.054217
Pre-training layer 5, epoch 16, cost 211.315884
Pre-training layer 5, epoch 17, cost 210.661117
Pre-training layer 5, epoch 18, cost 210.061779
Pre-training layer 5, epoch 19, cost 209.489311
Pre-training layer 5, epoch 20, cost 208.959599
Pre-training layer 5, epoch 21, cost 208.467557
Pre-training layer 5, epoch 22, cost 208.013331
Pre-training layer 5, epoch 23, cost 207.573166
Pre-training layer 5, epoch 24, cost 207.173206
Pre-training layer 5, epoch 25, cost 206.794228
Pre-training layer 5, epoch 26, cost 206.431501
Pre-training layer 5, epoch 27, cost 206.073396
Pre-training layer 5, epoch 28, cost 205.759705
Pre-training layer 5, epoch 29, cost 205.448435
Pre-training layer 5, epoch 30, cost 205.159425
Pre-training layer 5, epoch 31, cost 204.877073
Pre-training layer 5, epoch 32, cost 204.608798
Pre-training layer 5, epoch 33, cost 204.351193
Pre-training layer 5, epoch 34, cost 204.087036
Pre-training layer 5, epoch 35, cost 203.872301
Pre-training layer 5, epoch 36, cost 203.640578
Pre-training layer 5, epoch 37, cost 203.431359
Pre-training layer 5, epoch 38, cost 203.226375
Pre-training layer 5, epoch 39, cost 203.017277
Pre-training layer 5, epoch 40, cost 202.821392
Pre-training layer 5, epoch 41, cost 202.636247
Pre-training layer 5, epoch 42, cost 202.473244
Pre-training layer 5, epoch 43, cost 202.285673
Pre-training layer 5, epoch 44, cost 202.131564
Pre-training layer 5, epoch 45, cost 201.966108
Pre-training layer 5, epoch 46, cost 201.803753
Pre-training layer 5, epoch 47, cost 201.662869
Pre-training layer 5, epoch 48, cost 201.520376
Pre-training layer 5, epoch 49, cost 201.379623
Pre-training layer 5, epoch 50, cost 201.225896
Pre-training layer 5, epoch 51, cost 201.094985
Pre-training layer 5, epoch 52, cost 200.984439
Pre-training layer 5, epoch 53, cost 200.848756
Pre-training layer 5, epoch 54, cost 200.736201
Pre-training layer 5, epoch 55, cost 200.615675
Pre-training layer 5, epoch 56, cost 200.492004
Pre-training layer 5, epoch 57, cost 200.382329
Pre-training layer 5, epoch 58, cost 200.277501
Pre-training layer 5, epoch 59, cost 200.175989
Pre-training layer 5, epoch 60, cost 200.070393
Pre-training layer 5, epoch 61, cost 199.969269
Pre-training layer 5, epoch 62, cost 199.864876
Pre-training layer 5, epoch 63, cost 199.774165
Pre-training layer 5, epoch 64, cost 199.679061
Pre-training layer 5, epoch 65, cost 199.586278
Pre-training layer 5, epoch 66, cost 199.504431
Pre-training layer 5, epoch 67, cost 199.420904
Pre-training layer 5, epoch 68, cost 199.333838
Pre-training layer 5, epoch 69, cost 199.238839
Pre-training layer 5, epoch 70, cost 199.171196
Pre-training layer 5, epoch 71, cost 199.091658
Pre-training layer 5, epoch 72, cost 199.004748
Pre-training layer 5, epoch 73, cost 198.939334
Pre-training layer 5, epoch 74, cost 198.879515
Pre-training layer 5, epoch 75, cost 198.793957
Pre-training layer 5, epoch 76, cost 198.732545
Pre-training layer 5, epoch 77, cost 198.659401
Pre-training layer 5, epoch 78, cost 198.592975
Pre-training layer 5, epoch 79, cost 198.518432
Pre-training layer 5, epoch 80, cost 198.464550
Pre-training layer 5, epoch 81, cost 198.399743
Pre-training layer 5, epoch 82, cost 198.335375
Pre-training layer 5, epoch 83, cost 198.260255
Pre-training layer 5, epoch 84, cost 198.202381
Pre-training layer 5, epoch 85, cost 198.156590
Pre-training layer 5, epoch 86, cost 198.089967
Pre-training layer 5, epoch 87, cost 198.023467
Pre-training layer 5, epoch 88, cost 197.976229
Pre-training layer 5, epoch 89, cost 197.917863
Pre-training layer 5, epoch 90, cost 197.866029
Pre-training layer 5, epoch 91, cost 197.820340
Pre-training layer 5, epoch 92, cost 197.769430
Pre-training layer 5, epoch 93, cost 197.702378
Pre-training layer 5, epoch 94, cost 197.660304
Pre-training layer 5, epoch 95, cost 197.618816
Pre-training layer 5, epoch 96, cost 197.546509
Pre-training layer 5, epoch 97, cost 197.505888
Pre-training layer 5, epoch 98, cost 197.474315
Pre-training layer 5, epoch 99, cost 197.418136
Pre-training layer 5, epoch 100, cost 197.365976
Pre-training layer 5, epoch 101, cost 197.317009
Pre-training layer 5, epoch 102, cost 197.277122
Pre-training layer 5, epoch 103, cost 197.233824
Pre-training layer 5, epoch 104, cost 197.176576
Pre-training layer 5, epoch 105, cost 197.149433
Pre-training layer 5, epoch 106, cost 197.104600
Pre-training layer 5, epoch 107, cost 197.067264
Pre-training layer 5, epoch 108, cost 197.009683
Pre-training layer 5, epoch 109, cost 196.988335
Pre-training layer 5, epoch 110, cost 196.949655
Pre-training layer 5, epoch 111, cost 196.885797
Pre-training layer 5, epoch 112, cost 196.859659
Pre-training layer 5, epoch 113, cost 196.808032
Pre-training layer 5, epoch 114, cost 196.786136
Pre-training layer 5, epoch 115, cost 196.750677
Pre-training layer 5, epoch 116, cost 196.714388
Pre-training layer 5, epoch 117, cost 196.664629
Pre-training layer 5, epoch 118, cost 196.646073
Pre-training layer 5, epoch 119, cost 196.597890
Pre-training layer 5, epoch 120, cost 196.565349
Pre-training layer 5, epoch 121, cost 196.540988
Pre-training layer 5, epoch 122, cost 196.511012
Pre-training layer 5, epoch 123, cost 196.459527
Pre-training layer 5, epoch 124, cost 196.436938
Pre-training layer 5, epoch 125, cost 196.384851
Pre-training layer 5, epoch 126, cost 196.358498
Pre-training layer 5, epoch 127, cost 196.320301
Pre-training layer 5, epoch 128, cost 196.295836
Pre-training layer 5, epoch 129, cost 196.273884
Pre-training layer 5, epoch 130, cost 196.232101
Pre-training layer 5, epoch 131, cost 196.203850
Pre-training layer 5, epoch 132, cost 196.174391
Pre-training layer 5, epoch 133, cost 196.143495
Pre-training layer 5, epoch 134, cost 196.113590
Pre-training layer 5, epoch 135, cost 196.089958
Pre-training layer 5, epoch 136, cost 196.041899
Pre-training layer 5, epoch 137, cost 196.034378
Pre-training layer 5, epoch 138, cost 195.988416
Pre-training layer 5, epoch 139, cost 195.968010
Pre-training layer 5, epoch 140, cost 195.940581
Pre-training layer 5, epoch 141, cost 195.908343
Pre-training layer 5, epoch 142, cost 195.880584
Pre-training layer 5, epoch 143, cost 195.855117
Pre-training layer 5, epoch 144, cost 195.818315
Pre-training layer 5, epoch 145, cost 195.801836
Pre-training layer 5, epoch 146, cost 195.767378
Pre-training layer 5, epoch 147, cost 195.753357
Pre-training layer 5, epoch 148, cost 195.711349
Pre-training layer 5, epoch 149, cost 195.695248
Pre-training layer 5, epoch 150, cost 195.670482
Pre-training layer 5, epoch 151, cost 195.645016
Pre-training layer 5, epoch 152, cost 195.623734
Pre-training layer 5, epoch 153, cost 195.590197
Pre-training layer 5, epoch 154, cost 195.557767
Pre-training layer 5, epoch 155, cost 195.524920
Pre-training layer 5, epoch 156, cost 195.517815
Pre-training layer 5, epoch 157, cost 195.493362
Pre-training layer 5, epoch 158, cost 195.471507
Pre-training layer 5, epoch 159, cost 195.446139
Pre-training layer 5, epoch 160, cost 195.406363
Pre-training layer 5, epoch 161, cost 195.396437
Pre-training layer 5, epoch 162, cost 195.370869
Pre-training layer 5, epoch 163, cost 195.355691
Pre-training layer 5, epoch 164, cost 195.317193
Pre-training layer 5, epoch 165, cost 195.302518
Pre-training layer 5, epoch 166, cost 195.273185
Pre-training layer 5, epoch 167, cost 195.264899
Pre-training layer 5, epoch 168, cost 195.222710
Pre-training layer 5, epoch 169, cost 195.208438
Pre-training layer 5, epoch 170, cost 195.180745
Pre-training layer 5, epoch 171, cost 195.153218
Pre-training layer 5, epoch 172, cost 195.145446
Pre-training layer 5, epoch 173, cost 195.117369
Pre-training layer 5, epoch 174, cost 195.082401
Pre-training layer 5, epoch 175, cost 195.083926
Pre-training layer 5, epoch 176, cost 195.052496
Pre-training layer 5, epoch 177, cost 195.026639
Pre-training layer 5, epoch 178, cost 195.009093
Pre-training layer 5, epoch 179, cost 194.993628
Pre-training layer 5, epoch 180, cost 194.967255
Pre-training layer 5, epoch 181, cost 194.951659
Pre-training layer 5, epoch 182, cost 194.939369
Pre-training layer 5, epoch 183, cost 194.903993
Pre-training layer 5, epoch 184, cost 194.890998
Pre-training layer 5, epoch 185, cost 194.862214
Pre-training layer 5, epoch 186, cost 194.852277
Pre-training layer 5, epoch 187, cost 194.829271
Pre-training layer 5, epoch 188, cost 194.798373
Pre-training layer 5, epoch 189, cost 194.796113
Pre-training layer 5, epoch 190, cost 194.772790
Pre-training layer 5, epoch 191, cost 194.753070
Pre-training layer 5, epoch 192, cost 194.710184
Pre-training layer 5, epoch 193, cost 194.708604
Pre-training layer 5, epoch 194, cost 194.680617
Pre-training layer 5, epoch 195, cost 194.664800
Pre-training layer 5, epoch 196, cost 194.640254
Pre-training layer 5, epoch 197, cost 194.637480
Pre-training layer 5, epoch 198, cost 194.622226
Pre-training layer 5, epoch 199, cost 194.610677
Pre-training layer 5, epoch 200, cost 194.584762
Pre-training layer 5, epoch 201, cost 194.566536
Pre-training layer 5, epoch 202, cost 194.543151
Pre-training layer 5, epoch 203, cost 194.527962
Pre-training layer 5, epoch 204, cost 194.494777
Pre-training layer 5, epoch 205, cost 194.500426
Pre-training layer 5, epoch 206, cost 194.459953
Pre-training layer 5, epoch 207, cost 194.459140
Pre-training layer 5, epoch 208, cost 194.440132
Pre-training layer 5, epoch 209, cost 194.408394
Pre-training layer 5, epoch 210, cost 194.409571
Pre-training layer 5, epoch 211, cost 194.380277
Pre-training layer 5, epoch 212, cost 194.363601
Pre-training layer 5, epoch 213, cost 194.339159
Pre-training layer 5, epoch 214, cost 194.338322
Pre-training layer 5, epoch 215, cost 194.311149
Pre-training layer 5, epoch 216, cost 194.281293
Pre-training layer 5, epoch 217, cost 194.290822
Pre-training layer 5, epoch 218, cost 194.275768
Pre-training layer 5, epoch 219, cost 194.245285
Pre-training layer 5, epoch 220, cost 194.225859
Pre-training layer 5, epoch 221, cost 194.219747
Pre-training layer 5, epoch 222, cost 194.196314
Pre-training layer 5, epoch 223, cost 194.174808
Pre-training layer 5, epoch 224, cost 194.160331
Pre-training layer 5, epoch 225, cost 194.156296
Pre-training layer 5, epoch 226, cost 194.121067
Pre-training layer 5, epoch 227, cost 194.120144
Pre-training layer 5, epoch 228, cost 194.080545
Pre-training layer 5, epoch 229, cost 194.071634
Pre-training layer 5, epoch 230, cost 194.059118
Pre-training layer 5, epoch 231, cost 194.042806
Pre-training layer 5, epoch 232, cost 194.031886
Pre-training layer 5, epoch 233, cost 194.007262
Pre-training layer 5, epoch 234, cost 193.999638
Pre-training layer 5, epoch 235, cost 193.969573
Pre-training layer 5, epoch 236, cost 193.973987
Pre-training layer 5, epoch 237, cost 193.953115
Pre-training layer 5, epoch 238, cost 193.939308
Pre-training layer 5, epoch 239, cost 193.921456
Pre-training layer 5, epoch 240, cost 193.897813
Pre-training layer 5, epoch 241, cost 193.894640
Pre-training layer 5, epoch 242, cost 193.888893
Pre-training layer 5, epoch 243, cost 193.872528
Pre-training layer 5, epoch 244, cost 193.857191
Pre-training layer 5, epoch 245, cost 193.841634
Pre-training layer 5, epoch 246, cost 193.812565
Pre-training layer 5, epoch 247, cost 193.798640
Pre-training layer 5, epoch 248, cost 193.806122
Pre-training layer 5, epoch 249, cost 193.762760
Pre-training layer 5, epoch 250, cost 193.763325
Pre-training layer 5, epoch 251, cost 193.749008
Pre-training layer 5, epoch 252, cost 193.714821
Pre-training layer 5, epoch 253, cost 193.728080
Pre-training layer 5, epoch 254, cost 193.698379
Pre-training layer 5, epoch 255, cost 193.678465
Pre-training layer 5, epoch 256, cost 193.682967
Pre-training layer 5, epoch 257, cost 193.665825
Pre-training layer 5, epoch 258, cost 193.636014
Pre-training layer 5, epoch 259, cost 193.626617
Pre-training layer 5, epoch 260, cost 193.614789
Pre-training layer 5, epoch 261, cost 193.594612
Pre-training layer 5, epoch 262, cost 193.579706
Pre-training layer 5, epoch 263, cost 193.567784
Pre-training layer 5, epoch 264, cost 193.557561
Pre-training layer 5, epoch 265, cost 193.552987
Pre-training layer 5, epoch 266, cost 193.545878
Pre-training layer 5, epoch 267, cost 193.520264
Pre-training layer 5, epoch 268, cost 193.504822
Pre-training layer 5, epoch 269, cost 193.491776
Pre-training layer 5, epoch 270, cost 193.480467
Pre-training layer 5, epoch 271, cost 193.468791
Pre-training layer 5, epoch 272, cost 193.446447
Pre-training layer 5, epoch 273, cost 193.440268
Pre-training layer 5, epoch 274, cost 193.431380
Pre-training layer 5, epoch 275, cost 193.425397
Pre-training layer 5, epoch 276, cost 193.396893
Pre-training layer 5, epoch 277, cost 193.372787
Pre-training layer 5, epoch 278, cost 193.377784
Pre-training layer 5, epoch 279, cost 193.356692
Pre-training layer 5, epoch 280, cost 193.350102
Pre-training layer 5, epoch 281, cost 193.329828
Pre-training layer 5, epoch 282, cost 193.307111
Pre-training layer 5, epoch 283, cost 193.307730
Pre-training layer 5, epoch 284, cost 193.292397
Pre-training layer 5, epoch 285, cost 193.279226
Pre-training layer 5, epoch 286, cost 193.260260
Pre-training layer 5, epoch 287, cost 193.257752
Pre-training layer 5, epoch 288, cost 193.229232
Pre-training layer 5, epoch 289, cost 193.228974
Pre-training layer 5, epoch 290, cost 193.212669
Pre-training layer 5, epoch 291, cost 193.199878
Pre-training layer 5, epoch 292, cost 193.189316
Pre-training layer 5, epoch 293, cost 193.181107
Pre-training layer 5, epoch 294, cost 193.190105
Pre-training layer 5, epoch 295, cost 193.164394
Pre-training layer 5, epoch 296, cost 193.157492
Pre-training layer 5, epoch 297, cost 193.126779
Pre-training layer 5, epoch 298, cost 193.127836
Pre-training layer 5, epoch 299, cost 193.095945
